#
# There is insufficient memory for the Java Runtime Environment to continue.
# Native memory allocation (malloc) failed to allocate 401872 bytes for Chunk::new
# Possible reasons:
#   The system is out of physical RAM or swap space
#   The process is running with CompressedOops enabled, and the Java Heap may be blocking the growth of the native heap
# Possible solutions:
#   Reduce memory load on the system
#   Increase physical memory or swap space
#   Check if swap backing store is full
#   Decrease Java heap size (-Xmx/-Xms)
#   Decrease number of Java threads
#   Decrease Java thread stack sizes (-Xss)
#   Set larger code cache with -XX:ReservedCodeCacheSize=
#   JVM is running with Unscaled Compressed Oops mode in which the Java heap is
#     placed in the first 4GB address space. The Java Heap base address is the
#     maximum limit for the native heap growth. Please use -XX:HeapBaseMinAddress
#     to set the Java Heap base and to place the Java Heap above 4GB virtual address.
# This output file may be truncated or incomplete.
#
#  Out of Memory Error (allocation.cpp:389), pid=6568, tid=0x0000000000001998
#
# JRE version: OpenJDK Runtime Environment (8.0_202-b03) (build 1.8.0_202-release-1483-b03)
# Java VM: OpenJDK 64-Bit Server VM (25.202-b03 mixed mode windows-amd64 compressed oops)
# Failed to write core dump. Minidumps are not enabled by default on client versions of Windows
#

---------------  T H R E A D  ---------------

Current thread (0x0000000017e72800):  JavaThread "C2 CompilerThread0" daemon [_thread_in_native, id=6552, stack(0x00000000194b0000,0x00000000195b0000)]

Stack: [0x00000000194b0000,0x00000000195b0000]
[error occurred during error reporting (printing stack bounds), id 0xc0000005]

Native frames: (J=compiled Java code, j=interpreted, Vv=VM code, C=native code)


Current CompileTask:
C2:  10164 4072       4       org.antlr.v4.runtime.atn.ParserATNSimulator::closureCheckingStopState (244 bytes)


---------------  P R O C E S S  ---------------

Java Threads: ( => current thread )
  0x00000000197f1000 JavaThread "Service Thread" daemon [_thread_blocked, id=6424, stack(0x0000000019bb0000,0x0000000019cb0000)]
  0x0000000017e84000 JavaThread "C1 CompilerThread2" daemon [_thread_blocked, id=10824, stack(0x00000000196b0000,0x00000000197b0000)]
  0x0000000017e7f800 JavaThread "C2 CompilerThread1" daemon [_thread_in_native, id=10000, stack(0x00000000195b0000,0x00000000196b0000)]
=>0x0000000017e72800 JavaThread "C2 CompilerThread0" daemon [_thread_in_native, id=6552, stack(0x00000000194b0000,0x00000000195b0000)]
  0x0000000017e71800 JavaThread "Attach Listener" daemon [_thread_blocked, id=2848, stack(0x00000000193b0000,0x00000000194b0000)]
  0x0000000017e70000 JavaThread "Signal Dispatcher" daemon [_thread_blocked, id=9292, stack(0x00000000192b0000,0x00000000193b0000)]
  0x0000000017e52800 JavaThread "Finalizer" daemon [_thread_blocked, id=7480, stack(0x00000000190b0000,0x00000000191b0000)]
  0x00000000032fe800 JavaThread "Reference Handler" daemon [_thread_blocked, id=8048, stack(0x0000000018fb0000,0x00000000190b0000)]
  0x000000000320d800 JavaThread "main" [_thread_in_native, id=11244, stack(0x0000000003100000,0x0000000003200000)]

Other Threads:
  0x0000000017e26000 VMThread [stack: 0x0000000018eb0000,0x0000000018fb0000] [id=972]
  0x00000000197f5800 WatcherThread [stack: 0x0000000019cb0000,0x0000000019db0000] [id=6676]

VM state:not at safepoint (normal execution)

VM Mutex/Monitor currently owned by a thread: None

heap address: 0x0000000081600000, size: 2026 MB, Compressed Oops mode: 32-bit
Narrow klass base: 0x0000000000000000, Narrow klass shift: 3
Compressed class space size: 1073741824 Address: 0x0000000100000000

Heap:
 PSYoungGen      total 85504K, used 31424K [0x00000000d5d00000, 0x00000000ddb00000, 0x0000000100000000)
  eden space 66048K, 18% used [0x00000000d5d00000,0x00000000d68b26a0,0x00000000d9d80000)
  from space 19456K, 99% used [0x00000000dc800000,0x00000000ddafdc78,0x00000000ddb00000)
  to   space 15872K, 0% used [0x00000000d9d80000,0x00000000d9d80000,0x00000000dad00000)
 ParOldGen       total 109568K, used 32405K [0x0000000081600000, 0x0000000088100000, 0x00000000d5d00000)
  object space 109568K, 29% used [0x0000000081600000,0x00000000835a57f0,0x0000000088100000)
 Metaspace       used 44360K, capacity 44916K, committed 45184K, reserved 1089536K
  class space    used 5539K, capacity 5703K, committed 5760K, reserved 1048576K

Card table byte_map: [0x00000000126c0000,0x0000000012ac0000] byte_map_base: 0x00000000122b5000

Marking Bits: (ParMarkBitMap*) 0x0000000054c49f30
 Begin Bits: [0x0000000013170000, 0x0000000015118000)
 End Bits:   [0x0000000015118000, 0x00000000170c0000)

Polling page: 0x00000000016c0000

CodeCache: size=245760Kb used=12695Kb max_used=12695Kb free=233064Kb
 bounds [0x0000000003300000, 0x0000000003f80000, 0x0000000012300000]
 total_blobs=4375 nmethods=3892 adapters=396
 compilation: enabled

Compilation events (10 events):
Event: 10.159 Thread 0x0000000017e84000 nmethod 4195 0x0000000003f6aad0 code [0x0000000003f6ad20, 0x0000000003f6bd88]
Event: 10.159 Thread 0x0000000017e84000 4201       3       java.util.LinkedHashMap$LinkedEntryIterator::<init> (11 bytes)
Event: 10.159 Thread 0x0000000017e84000 nmethod 4201 0x0000000003f6c490 code [0x0000000003f6c600, 0x0000000003f6c870]
Event: 10.159 Thread 0x0000000017e84000 4202       1       java.util.ArrayList$ListItr::nextIndex (5 bytes)
Event: 10.159 Thread 0x0000000017e84000 nmethod 4202 0x0000000003f6c990 code [0x0000000003f6cae0, 0x0000000003f6cbf0]
Event: 10.159 Thread 0x0000000017e84000 4205   !   3       com.squareup.javapoet.TypeName::toString (62 bytes)
Event: 10.160 Thread 0x0000000017e84000 nmethod 4205 0x0000000003f6cc50 code [0x0000000003f6ce60, 0x0000000003f6d888]
Event: 10.160 Thread 0x0000000017e84000 4206       3       com.squareup.javapoet.ClassName::simpleNames (20 bytes)
Event: 10.161 Thread 0x0000000017e84000 nmethod 4206 0x0000000003f6de10 code [0x0000000003f6df80, 0x0000000003f6e258]
Event: 10.161 Thread 0x0000000017e84000 4207       3       com.squareup.javapoet.CodeWriter::unindent (52 bytes)

GC Heap History (10 events):
Event: 5.223 GC heap before
{Heap before GC invocations=6 (full 1):
 PSYoungGen      total 51712K, used 51700K [0x00000000d5d00000, 0x00000000da800000, 0x0000000100000000)
  eden space 46592K, 100% used [0x00000000d5d00000,0x00000000d8a80000,0x00000000d8a80000)
  from space 5120K, 99% used [0x00000000da300000,0x00000000da7fd1b8,0x00000000da800000)
  to   space 5120K, 0% used [0x00000000d9e00000,0x00000000d9e00000,0x00000000da300000)
 ParOldGen       total 66560K, used 10915K [0x0000000081600000, 0x0000000085700000, 0x00000000d5d00000)
  object space 66560K, 16% used [0x0000000081600000,0x00000000820a8fe0,0x0000000085700000)
 Metaspace       used 32185K, capacity 32754K, committed 33024K, reserved 1077248K
  class space    used 4122K, capacity 4293K, committed 4352K, reserved 1048576K
Event: 5.249 GC heap after
Heap after GC invocations=6 (full 1):
 PSYoungGen      total 71168K, used 5090K [0x00000000d5d00000, 0x00000000dbc80000, 0x0000000100000000)
  eden space 66048K, 0% used [0x00000000d5d00000,0x00000000d5d00000,0x00000000d9d80000)
  from space 5120K, 99% used [0x00000000d9e00000,0x00000000da2f8918,0x00000000da300000)
  to   space 15872K, 0% used [0x00000000dad00000,0x00000000dad00000,0x00000000dbc80000)
 ParOldGen       total 66560K, used 22288K [0x0000000081600000, 0x0000000085700000, 0x00000000d5d00000)
  object space 66560K, 33% used [0x0000000081600000,0x0000000082bc4290,0x0000000085700000)
 Metaspace       used 32185K, capacity 32754K, committed 33024K, reserved 1077248K
  class space    used 4122K, capacity 4293K, committed 4352K, reserved 1048576K
}
Event: 5.550 GC heap before
{Heap before GC invocations=7 (full 1):
 PSYoungGen      total 71168K, used 14292K [0x00000000d5d00000, 0x00000000dbc80000, 0x0000000100000000)
  eden space 66048K, 13% used [0x00000000d5d00000,0x00000000d65fcaa0,0x00000000d9d80000)
  from space 5120K, 99% used [0x00000000d9e00000,0x00000000da2f8918,0x00000000da300000)
  to   space 15872K, 0% used [0x00000000dad00000,0x00000000dad00000,0x00000000dbc80000)
 ParOldGen       total 66560K, used 22288K [0x0000000081600000, 0x0000000085700000, 0x00000000d5d00000)
  object space 66560K, 33% used [0x0000000081600000,0x0000000082bc4290,0x0000000085700000)
 Metaspace       used 34715K, capacity 35250K, committed 35456K, reserved 1079296K
  class space    used 4484K, capacity 4677K, committed 4736K, reserved 1048576K
Event: 5.564 GC heap after
Heap after GC invocations=7 (full 1):
 PSYoungGen      total 81920K, used 5979K [0x00000000d5d00000, 0x00000000ddd00000, 0x0000000100000000)
  eden space 66048K, 0% used [0x00000000d5d00000,0x00000000d5d00000,0x00000000d9d80000)
  from space 15872K, 37% used [0x00000000dad00000,0x00000000db2d6e60,0x00000000dbc80000)
  to   space 15872K, 0% used [0x00000000d9d80000,0x00000000d9d80000,0x00000000dad00000)
 ParOldGen       total 66560K, used 22288K [0x0000000081600000, 0x0000000085700000, 0x00000000d5d00000)
  object space 66560K, 33% used [0x0000000081600000,0x0000000082bc4290,0x0000000085700000)
 Metaspace       used 34715K, capacity 35250K, committed 35456K, reserved 1079296K
  class space    used 4484K, capacity 4677K, committed 4736K, reserved 1048576K
}
Event: 5.564 GC heap before
{Heap before GC invocations=8 (full 2):
 PSYoungGen      total 81920K, used 5979K [0x00000000d5d00000, 0x00000000ddd00000, 0x0000000100000000)
  eden space 66048K, 0% used [0x00000000d5d00000,0x00000000d5d00000,0x00000000d9d80000)
  from space 15872K, 37% used [0x00000000dad00000,0x00000000db2d6e60,0x00000000dbc80000)
  to   space 15872K, 0% used [0x00000000d9d80000,0x00000000d9d80000,0x00000000dad00000)
 ParOldGen       total 66560K, used 22288K [0x0000000081600000, 0x0000000085700000, 0x00000000d5d00000)
  object space 66560K, 33% used [0x0000000081600000,0x0000000082bc4290,0x0000000085700000)
 Metaspace       used 34715K, capacity 35250K, committed 35456K, reserved 1079296K
  class space    used 4484K, capacity 4677K, committed 4736K, reserved 1048576K
Event: 5.701 GC heap after
Heap after GC invocations=8 (full 2):
 PSYoungGen      total 81920K, used 0K [0x00000000d5d00000, 0x00000000ddd00000, 0x0000000100000000)
  eden space 66048K, 0% used [0x00000000d5d00000,0x00000000d5d00000,0x00000000d9d80000)
  from space 15872K, 0% used [0x00000000dad00000,0x00000000dad00000,0x00000000dbc80000)
  to   space 15872K, 0% used [0x00000000d9d80000,0x00000000d9d80000,0x00000000dad00000)
 ParOldGen       total 109568K, used 15012K [0x0000000081600000, 0x0000000088100000, 0x00000000d5d00000)
  object space 109568K, 13% used [0x0000000081600000,0x00000000824a92d0,0x0000000088100000)
 Metaspace       used 34715K, capacity 35250K, committed 35456K, reserved 1079296K
  class space    used 4484K, capacity 4677K, committed 4736K, reserved 1048576K
}
Event: 7.383 GC heap before
{Heap before GC invocations=9 (full 2):
 PSYoungGen      total 81920K, used 66048K [0x00000000d5d00000, 0x00000000ddd00000, 0x0000000100000000)
  eden space 66048K, 100% used [0x00000000d5d00000,0x00000000d9d80000,0x00000000d9d80000)
  from space 15872K, 0% used [0x00000000dad00000,0x00000000dad00000,0x00000000dbc80000)
  to   space 15872K, 0% used [0x00000000d9d80000,0x00000000d9d80000,0x00000000dad00000)
 ParOldGen       total 109568K, used 15012K [0x0000000081600000, 0x0000000088100000, 0x00000000d5d00000)
  object space 109568K, 13% used [0x0000000081600000,0x00000000824a92d0,0x0000000088100000)
 Metaspace       used 36600K, capacity 37170K, committed 37376K, reserved 1081344K
  class space    used 4646K, capacity 4805K, committed 4864K, reserved 1048576K
Event: 7.405 GC heap after
Heap after GC invocations=9 (full 2):
 PSYoungGen      total 81920K, used 15857K [0x00000000d5d00000, 0x00000000ddb00000, 0x0000000100000000)
  eden space 66048K, 0% used [0x00000000d5d00000,0x00000000d5d00000,0x00000000d9d80000)
  from space 15872K, 99% used [0x00000000d9d80000,0x00000000dacfc470,0x00000000dad00000)
  to   space 19456K, 0% used [0x00000000dc800000,0x00000000dc800000,0x00000000ddb00000)
 ParOldGen       total 109568K, used 17312K [0x0000000081600000, 0x0000000088100000, 0x00000000d5d00000)
  object space 109568K, 15% used [0x0000000081600000,0x00000000826e80e0,0x0000000088100000)
 Metaspace       used 36600K, capacity 37170K, committed 37376K, reserved 1081344K
  class space    used 4646K, capacity 4805K, committed 4864K, reserved 1048576K
}
Event: 9.684 GC heap before
{Heap before GC invocations=10 (full 2):
 PSYoungGen      total 81920K, used 81905K [0x00000000d5d00000, 0x00000000ddb00000, 0x0000000100000000)
  eden space 66048K, 100% used [0x00000000d5d00000,0x00000000d9d80000,0x00000000d9d80000)
  from space 15872K, 99% used [0x00000000d9d80000,0x00000000dacfc470,0x00000000dad00000)
  to   space 19456K, 0% used [0x00000000dc800000,0x00000000dc800000,0x00000000ddb00000)
 ParOldGen       total 109568K, used 17312K [0x0000000081600000, 0x0000000088100000, 0x00000000d5d00000)
  object space 109568K, 15% used [0x0000000081600000,0x00000000826e80e0,0x0000000088100000)
 Metaspace       used 43105K, capacity 43700K, committed 44032K, reserved 1087488K
  class space    used 5414K, capacity 5575K, committed 5632K, reserved 1048576K
Event: 9.741 GC heap after
Heap after GC invocations=10 (full 2):
 PSYoungGen      total 85504K, used 19447K [0x00000000d5d00000, 0x00000000ddb00000, 0x0000000100000000)
  eden space 66048K, 0% used [0x00000000d5d00000,0x00000000d5d00000,0x00000000d9d80000)
  from space 19456K, 99% used [0x00000000dc800000,0x00000000ddafdc78,0x00000000ddb00000)
  to   space 15872K, 0% used [0x00000000d9d80000,0x00000000d9d80000,0x00000000dad00000)
 ParOldGen       total 109568K, used 32405K [0x0000000081600000, 0x0000000088100000, 0x00000000d5d00000)
  object space 109568K, 29% used [0x0000000081600000,0x00000000835a57f0,0x0000000088100000)
 Metaspace       used 43105K, capacity 43700K, committed 44032K, reserved 1087488K
  class space    used 5414K, capacity 5575K, committed 5632K, reserved 1048576K
}

Deoptimization events (10 events):
Event: 9.350 Thread 0x000000000320d800 Uncommon trap: reason=class_check action=maybe_recompile pc=0x000000000378bd60 method=java.util.regex.Pattern$Curly.match0(Ljava/util/regex/Matcher;IILjava/lang/CharSequence;)Z @ 170
Event: 9.350 Thread 0x000000000320d800 Uncommon trap: reason=class_check action=maybe_recompile pc=0x000000000378bd60 method=java.util.regex.Pattern$Curly.match0(Ljava/util/regex/Matcher;IILjava/lang/CharSequence;)Z @ 170
Event: 9.350 Thread 0x000000000320d800 Uncommon trap: reason=class_check action=maybe_recompile pc=0x000000000378bd60 method=java.util.regex.Pattern$Curly.match0(Ljava/util/regex/Matcher;IILjava/lang/CharSequence;)Z @ 170
Event: 9.683 Thread 0x000000000320d800 Uncommon trap: reason=unstable_if action=reinterpret pc=0x0000000003ea6fc4 method=org.antlr.v4.runtime.atn.ATNState.addTransition(ILorg/antlr/v4/runtime/atn/Transition;)V @ 115
Event: 9.833 Thread 0x000000000320d800 Uncommon trap: reason=unstable_if action=reinterpret pc=0x00000000038fb7ec method=java.lang.String.regionMatches(ZILjava/lang/String;II)Z @ 123
Event: 9.833 Thread 0x000000000320d800 Uncommon trap: reason=unstable_if action=reinterpret pc=0x00000000039a4434 method=java.net.URLClassLoader.defineClass(Ljava/lang/String;Lsun/misc/Resource;)Ljava/lang/Class; @ 21
Event: 9.834 Thread 0x000000000320d800 Uncommon trap: reason=unstable_if action=reinterpret pc=0x000000000364d540 method=java.lang.String.regionMatches(ZILjava/lang/String;II)Z @ 123
Event: 9.891 Thread 0x000000000320d800 Uncommon trap: reason=unstable_if action=reinterpret pc=0x0000000003a59044 method=kotlin.jvm.internal.Intrinsics.areEqual(Ljava/lang/Object;Ljava/lang/Object;)Z @ 5
Event: 10.041 Thread 0x000000000320d800 Uncommon trap: reason=unstable_if action=reinterpret pc=0x0000000003a7bd18 method=java.util.concurrent.ConcurrentHashMap.get(Ljava/lang/Object;)Ljava/lang/Object; @ 76
Event: 10.042 Thread 0x000000000320d800 Uncommon trap: reason=class_check action=maybe_recompile pc=0x000000000370de20 method=java.util.concurrent.ConcurrentHashMap.putVal(Ljava/lang/Object;Ljava/lang/Object;Z)Ljava/lang/Object; @ 192

Classes redefined (0 events):
No events

Internal exceptions (10 events):
Event: 1.960 Thread 0x000000000320d800 Exception <a 'java/lang/NoSuchMethodError': java.lang.Object.lambda$comparing$77a9974f$1(Ljava/util/function/Function;Ljava/lang/Object;Ljava/lang/Object;)I> (0x00000000d7b720b8) thrown at [D:\src\AOSP-openjdk-cygwin\jdk8u\hotspot\src\share\vm\interpreter
Event: 1.988 Thread 0x000000000320d800 Exception <a 'java/lang/NoSuchMethodError': java.lang.Object.lambda$static$0()J> (0x00000000d7c6e7f0) thrown at [D:\src\AOSP-openjdk-cygwin\jdk8u\hotspot\src\share\vm\interpreter\linkResolver.cpp, line 620]
Event: 2.433 Thread 0x000000000320d800 Exception <a 'java/lang/NoSuchMethodError': java.lang.Object.lambda$static$0(I)[Lorg/jetbrains/kotlin/com/intellij/openapi/editor/event/DocumentListener;> (0x00000000d67b54a8) thrown at [D:\src\AOSP-openjdk-cygwin\jdk8u\hotspot\src\share\vm\interpreter\li
Event: 2.478 Thread 0x000000000320d800 Exception <a 'java/lang/NoSuchMethodError': java.lang.Object.lambda$static$0(I)[Lorg/jetbrains/kotlin/com/intellij/psi/PsiAnnotation;> (0x00000000d69a2290) thrown at [D:\src\AOSP-openjdk-cygwin\jdk8u\hotspot\src\share\vm\interpreter\linkResolver.cpp, line
Event: 2.669 Thread 0x000000000320d800 Exception <a 'java/lang/NoSuchMethodError': java.lang.Object.lambda$static$0(I)[Lorg/jetbrains/kotlin/com/intellij/psi/PsiElement;> (0x00000000d6035198) thrown at [D:\src\AOSP-openjdk-cygwin\jdk8u\hotspot\src\share\vm\interpreter\linkResolver.cpp, line 62
Event: 4.154 Thread 0x000000000320d800 Exception <a 'java/lang/ArrayIndexOutOfBoundsException': 108> (0x00000000d6d24628) thrown at [D:\src\AOSP-openjdk-cygwin\jdk8u\hotspot\src\share\vm\interpreter\interpreterRuntime.cpp, line 368]
Event: 4.155 Thread 0x000000000320d800 Exception <a 'java/lang/ArrayIndexOutOfBoundsException': 92> (0x00000000d6d25d08) thrown at [D:\src\AOSP-openjdk-cygwin\jdk8u\hotspot\src\share\vm\interpreter\interpreterRuntime.cpp, line 368]
Event: 4.155 Thread 0x000000000320d800 Exception <a 'java/lang/ArrayIndexOutOfBoundsException': 40> (0x00000000d6d26e80) thrown at [D:\src\AOSP-openjdk-cygwin\jdk8u\hotspot\src\share\vm\interpreter\interpreterRuntime.cpp, line 368]
Event: 8.537 Thread 0x000000000320d800 Implicit null exception at 0x0000000003706cfb to 0x0000000003707339
Event: 9.084 Thread 0x000000000320d800 Implicit null exception at 0x00000000035c65d6 to 0x00000000035c6979

Events (10 events):
Event: 10.102 loading class com/sun/tools/javac/processing/JavacFiler$FilerOutputStream
Event: 10.102 loading class com/sun/tools/javac/processing/JavacFiler$FilerOutputStream done
Event: 10.102 loading class com/sun/tools/javac/processing/JavacFiler$FilerWriter
Event: 10.102 loading class com/sun/tools/javac/processing/JavacFiler$FilerWriter done
Event: 10.103 loading class java/io/FilterWriter
Event: 10.105 loading class java/io/FilterWriter done
Event: 10.115 loading class java/util/Collections$UnmodifiableMap$UnmodifiableEntrySet
Event: 10.115 loading class java/util/Collections$UnmodifiableMap$UnmodifiableEntrySet done
Event: 10.115 loading class java/util/Collections$UnmodifiableMap$UnmodifiableEntrySet$1
Event: 10.115 loading class java/util/Collections$UnmodifiableMap$UnmodifiableEntrySet$1 done


Dynamic libraries:
0x00007ff783200000 - 0x00007ff783231000 	C:\Android\AndroidStudio\jre\jre\bin\java.exe
0x00007ffad4b10000 - 0x00007ffad4cfd000 	C:\WINDOWS\SYSTEM32\ntdll.dll
0x00007ffad42c0000 - 0x00007ffad4373000 	C:\WINDOWS\System32\KERNEL32.DLL
0x00007ffad0fc0000 - 0x00007ffad1253000 	C:\WINDOWS\System32\KERNELBASE.dll
0x00007ffad2600000 - 0x00007ffad26a3000 	C:\WINDOWS\System32\ADVAPI32.dll
0x00007ffad4a10000 - 0x00007ffad4aae000 	C:\WINDOWS\System32\msvcrt.dll
0x00007ffad2420000 - 0x00007ffad24be000 	C:\WINDOWS\System32\sechost.dll
0x00007ffad4190000 - 0x00007ffad42b2000 	C:\WINDOWS\System32\RPCRT4.dll
0x00007ffad3f50000 - 0x00007ffad40e7000 	C:\WINDOWS\System32\USER32.dll
0x00007ffad1540000 - 0x00007ffad1560000 	C:\WINDOWS\System32\win32u.dll
0x00007ffad4ab0000 - 0x00007ffad4ad9000 	C:\WINDOWS\System32\GDI32.dll
0x00007ffad0ca0000 - 0x00007ffad0e39000 	C:\WINDOWS\System32\gdi32full.dll
0x00007ffad0f20000 - 0x00007ffad0fc0000 	C:\WINDOWS\System32\msvcp_win.dll
0x00007ffad1440000 - 0x00007ffad153a000 	C:\WINDOWS\System32\ucrtbase.dll
0x00007ffac7870000 - 0x00007ffac7ae9000 	C:\WINDOWS\WinSxS\amd64_microsoft.windows.common-controls_6595b64144ccf1df_6.0.17763.802_none_05b1445c0722d2cc\COMCTL32.dll
0x00007ffad1fa0000 - 0x00007ffad22cc000 	C:\WINDOWS\System32\combase.dll
0x00007ffad0ea0000 - 0x00007ffad0f1e000 	C:\WINDOWS\System32\bcryptPrimitives.dll
0x00007ffad4160000 - 0x00007ffad418e000 	C:\WINDOWS\System32\IMM32.DLL
0x00000000542c0000 - 0x0000000054392000 	C:\Android\AndroidStudio\jre\jre\bin\msvcr100.dll
0x0000000054480000 - 0x0000000054cc6000 	C:\Android\AndroidStudio\jre\jre\bin\server\jvm.dll
0x00007ffad2410000 - 0x00007ffad2418000 	C:\WINDOWS\System32\PSAPI.DLL
0x00007ffacedd0000 - 0x00007ffacedd9000 	C:\WINDOWS\SYSTEM32\WSOCK32.dll
0x00007ffad23a0000 - 0x00007ffad240d000 	C:\WINDOWS\System32\WS2_32.dll
0x00007ffac7d00000 - 0x00007ffac7d24000 	C:\WINDOWS\SYSTEM32\WINMM.dll
0x00007ffac7b00000 - 0x00007ffac7b0a000 	C:\WINDOWS\SYSTEM32\VERSION.dll
0x00007ffac7cd0000 - 0x00007ffac7cfd000 	C:\WINDOWS\SYSTEM32\winmmbase.dll
0x00007ffad0c50000 - 0x00007ffad0c9a000 	C:\WINDOWS\System32\cfgmgr32.dll
0x00007ffacea00000 - 0x00007ffacea0f000 	C:\Android\AndroidStudio\jre\jre\bin\verify.dll
0x00007ffaccb00000 - 0x00007ffaccb29000 	C:\Android\AndroidStudio\jre\jre\bin\java.dll
0x00007ffacbe50000 - 0x00007ffacbe66000 	C:\Android\AndroidStudio\jre\jre\bin\zip.dll
0x00007ffad2760000 - 0x00007ffad3c54000 	C:\WINDOWS\System32\SHELL32.dll
0x00007ffad26b0000 - 0x00007ffad2758000 	C:\WINDOWS\System32\shcore.dll
0x00007ffad1560000 - 0x00007ffad1cad000 	C:\WINDOWS\System32\windows.storage.dll
0x00007ffad0c20000 - 0x00007ffad0c44000 	C:\WINDOWS\System32\profapi.dll
0x00007ffad0b80000 - 0x00007ffad0bdd000 	C:\WINDOWS\System32\powrprof.dll
0x00007ffad4530000 - 0x00007ffad4582000 	C:\WINDOWS\System32\shlwapi.dll
0x00007ffad0c00000 - 0x00007ffad0c11000 	C:\WINDOWS\System32\kernel.appcore.dll
0x00007ffad1d90000 - 0x00007ffad1da7000 	C:\WINDOWS\System32\cryptsp.dll
0x00007ffac9e70000 - 0x00007ffac9e8a000 	C:\Android\AndroidStudio\jre\jre\bin\net.dll
0x00007ffad0390000 - 0x00007ffad03f7000 	C:\WINDOWS\system32\mswsock.dll
0x00007ffac9e50000 - 0x00007ffac9e61000 	C:\Android\AndroidStudio\jre\jre\bin\nio.dll
0x00007ffacff10000 - 0x00007ffacff43000 	C:\WINDOWS\system32\rsaenh.dll
0x00007ffad1cb0000 - 0x00007ffad1cd6000 	C:\WINDOWS\System32\bcrypt.dll
0x00007ffad0a80000 - 0x00007ffad0aa8000 	C:\WINDOWS\SYSTEM32\USERENV.dll
0x00007ffad0560000 - 0x00007ffad056c000 	C:\WINDOWS\SYSTEM32\CRYPTBASE.dll
0x00007ffad00b0000 - 0x00007ffad00ed000 	C:\WINDOWS\SYSTEM32\IPHLPAPI.DLL
0x00007ffad24e0000 - 0x00007ffad24e8000 	C:\WINDOWS\System32\NSI.dll
0x00007ffac9180000 - 0x00007ffac9196000 	C:\WINDOWS\SYSTEM32\dhcpcsvc6.DLL
0x00007ffac9a00000 - 0x00007ffac9a1c000 	C:\WINDOWS\SYSTEM32\dhcpcsvc.DLL
0x00007ffad00f0000 - 0x00007ffad01b6000 	C:\WINDOWS\SYSTEM32\DNSAPI.dll
0x0000000066e00000 - 0x0000000066f03000 	C:\Users\Dmitriy\AppData\Local\Temp\room-9d9f7c33-fcd8-4f67-a6c0-61f6edc58861\sqlite-3.25.2-12da2534-6316-47da-acb4-f2d370a707f6-sqlitejdbc.dll

VM Arguments:
java_command: org.jetbrains.kotlin.cli.jvm.K2JVMCompiler -Xallow-no-source-files -classpath C:\Users\Dmitriy\.gradle\caches\transforms-2\files-2.1\fef5cd5954d44ade18a70dca6e717b5b\databinding-adapters-3.5.0\jars\classes.jar;C:\Users\Dmitriy\.gradle\caches\transforms-2\files-2.1\5ae495feaa635f162e793b816a77bf24\databinding-runtime-3.5.0\jars\classes.jar;C:\Users\Dmitriy\.gradle\caches\modules-2\files-2.1\androidx.databinding\databinding-common\3.5.0\ad17a14009fa4322bf1f90fd8ca631992e5d667f\databinding-common-3.5.0.jar;C:\Users\Dmitriy\.gradle\caches\transforms-2\files-2.1\970f97153940e89f3358bfd5a653b8f5\navigation-ui-ktx-2.2.0-alpha03\jars\classes.jar;C:\Users\Dmitriy\.gradle\caches\transforms-2\files-2.1\58e02f474f1780342b5cb945945f5c72\jetified-navigation-ui-2.2.0-alpha03\jars\classes.jar;C:\Users\Dmitriy\.gradle\caches\transforms-2\files-2.1\4b572913f1a424e7576b45966b745c44\material-1.0.0\jars\classes.jar;C:\Users\Dmitriy\.gradle\caches\transforms-2\files-2.1\8a90935574f82694cec42fb7c78743b1\appcompat-1.0.2\jars\classes.jar;C:\Users\Dmitriy\.gradle\caches\transforms-2\files-2.1\d5667dc31fbef5d02758925ab9660b6b\room-ktx-2.1.0\jars\classes.jar;C:\Users\Dmitriy\.gradle\caches\transforms-2\files-2.1\aec49d45ff6f0ecbf095c9d8309b2e41\room-runtime-2.1.0\jars\classes.jar;C:\Users\Dmitriy\.gradle\caches\transforms-2\files-2.1\aec49d45ff6f0ecbf095c9d8309b2e41\room-runtime-2.1.0\jars\libs\room-common-java8-2.1.0.jar;C:\Users\Dmitriy\.gradle\caches\transforms-2\files-2.1\4109fbebe948b66ccc9873a1a672f0e4\navigation-fragment-ktx-2.2.0-alpha03\jars\classes.jar;C:\Users\Dmitriy\.gradle\caches\transforms-2\files-2.1\651131074ee446dc559f27b772e62c92\fragment-ktx-1.2.0-alpha04\jars\classes.jar;C:\Users\Dmitriy\.gradle\caches\transforms-2\files-2.1\206daaceda74501234ecbdb2410d62bf\navigation-runtime-ktx-2.2.0-alpha03\jars\classes.jar;C:\Users\Dmitriy\.gradle\caches\transforms-2\files-2.1\e594d4fdf4b9370098ace5137c7b01a5\activity-ktx-1.1.0-alpha03\jars\classes.jar;C:\Users\Dmitriy\
java_class_path (initial): C:\Users\Dmitriy\.gradle\caches\modules-2\files-2.1\org.jetbrains.kotlin\kotlin-compiler-embeddable\1.3.41\6b1d4385d65894e07a0d14a5949f5417a408f0b7\kotlin-compiler-embeddable-1.3.41.jar;C:\Users\Dmitriy\.gradle\caches\modules-2\files-2.1\org.jetbrains.kotlin\kotlin-reflect\1.3.41\8fb58b8954661de666e321478bf4178c18ce8018\kotlin-reflect-1.3.41.jar;C:\Users\Dmitriy\.gradle\caches\modules-2\files-2.1\org.jetbrains.kotlin\kotlin-stdlib\1.3.41\e24bd38de28a326cce8b1f0d61e809e9a92dad6a\kotlin-stdlib-1.3.41.jar;C:\Users\Dmitriy\.gradle\caches\modules-2\files-2.1\org.jetbrains.kotlin\kotlin-script-runtime\1.3.41\bcc3380041bbba171119c22d7024961b60da69e0\kotlin-script-runtime-1.3.41.jar;C:\Users\Dmitriy\.gradle\caches\modules-2\files-2.1\org.jetbrains.intellij.deps\trove4j\1.0.20181211\216c2e14b070f334479d800987affe4054cd563f\trove4j-1.0.20181211.jar;C:\Users\Dmitriy\.gradle\caches\modules-2\files-2.1\org.jetbrains.kotlin\kotlin-stdlib-common\1.3.41\2ecf4aa059427d7186312fd1736afedf7972e7f7\kotlin-stdlib-common-1.3.41.jar;C:\Users\Dmitriy\.gradle\caches\modules-2\files-2.1\org.jetbrains\annotations\13.0\919f0dfe192fb4e063e7dacadee7f8bb9a2672a9\annotations-13.0.jar;C:\Android\AndroidStudio\jre\lib\tools.jar
Launcher Type: SUN_STANDARD

Environment Variables:
JAVA_HOME=C:\Program Files\Java\jdk1.8.0_191
PATH=C:\WINDOWS\system32;C:\WINDOWS;C:\WINDOWS\System32\Wbem;C:\WINDOWS\System32\WindowsPowerShell\v1.0\;C:\Program Files\Git\cmd;C:\WINDOWS\System32\OpenSSH\;C:\Users\Dmitriy\AppData\Local\Programs\Python\Python37\;C:\Users\Dmitriy\AppData\Local\Programs\Python\Python37\Scripts\;C:\Program Files\Java\jdk1.8.0_191\bin;C:\Android\android-sdk\platform-tools;C:\Users\Dmitriy\AppData\Local\Microsoft\WindowsApps;;C:\Program Files\PyCharm Community Edition 2019.2.2\bin;;C:\Program Files\JetBrains\IntelliJ IDEA Community Edition 2019.2.2\bin;;C:\Program Files\JetBrains\GoLand 2019.2.2\bin;
USERNAME=Dmitriy
OS=Windows_NT
PROCESSOR_IDENTIFIER=Intel64 Family 6 Model 61 Stepping 4, GenuineIntel



---------------  S Y S T E M  ---------------

OS: Windows 10.0 , 64 bit Build 17763 (10.0.17763.475)

CPU:total 4 (initial active 4) (2 cores per cpu, 2 threads per core) family 6 model 61 stepping 4, cmov, cx8, fxsr, mmx, sse, sse2, sse3, ssse3, sse4.1, sse4.2, popcnt, avx, avx2, aes, clmul, erms, 3dnowpref, lzcnt, ht, tsc, tscinvbit, bmi1, bmi2, adx

Memory: 4k page, physical 8297068k(490208k free), swap 8297068k(5380k free)

vm_info: OpenJDK 64-Bit Server VM (25.202-b03) for windows-amd64 JRE (1.8.0_202-release-1483-b03), built by "builder" with MS VC++ 10.0 (VS2010)

time: Thu Oct 17 09:45:53 2019
timezone: RTZ 6 (зима)
elapsed time: 10 seconds (0d 0h 0m 10s)

