#
# There is insufficient memory for the Java Runtime Environment to continue.
# Native memory allocation (malloc) failed to allocate 341376 bytes for Chunk::new
# Possible reasons:
#   The system is out of physical RAM or swap space
#   The process is running with CompressedOops enabled, and the Java Heap may be blocking the growth of the native heap
# Possible solutions:
#   Reduce memory load on the system
#   Increase physical memory or swap space
#   Check if swap backing store is full
#   Decrease Java heap size (-Xmx/-Xms)
#   Decrease number of Java threads
#   Decrease Java thread stack sizes (-Xss)
#   Set larger code cache with -XX:ReservedCodeCacheSize=
#   JVM is running with Unscaled Compressed Oops mode in which the Java heap is
#     placed in the first 4GB address space. The Java Heap base address is the
#     maximum limit for the native heap growth. Please use -XX:HeapBaseMinAddress
#     to set the Java Heap base and to place the Java Heap above 4GB virtual address.
# This output file may be truncated or incomplete.
#
#  Out of Memory Error (allocation.cpp:389), pid=7280, tid=0x00000000000019ec
#
# JRE version: OpenJDK Runtime Environment (8.0_202-b03) (build 1.8.0_202-release-1483-b03)
# Java VM: OpenJDK 64-Bit Server VM (25.202-b03 mixed mode windows-amd64 compressed oops)
# Failed to write core dump. Minidumps are not enabled by default on client versions of Windows
#

---------------  T H R E A D  ---------------

Current thread (0x0000000017172800):  JavaThread "C2 CompilerThread0" daemon [_thread_in_native, id=6636, stack(0x00000000187c0000,0x00000000188c0000)]

Stack: [0x00000000187c0000,0x00000000188c0000]
[error occurred during error reporting (printing stack bounds), id 0xc0000005]

Native frames: (J=compiled Java code, j=interpreted, Vv=VM code, C=native code)


Current CompileTask:
C2:   4796 2382   !   4       java.net.URL::<init> (543 bytes)


---------------  P R O C E S S  ---------------

Java Threads: ( => current thread )
  0x0000000018b03000 JavaThread "Service Thread" daemon [_thread_blocked, id=10304, stack(0x0000000018ec0000,0x0000000018fc0000)]
  0x0000000017183000 JavaThread "C1 CompilerThread2" daemon [_thread_blocked, id=10380, stack(0x00000000189c0000,0x0000000018ac0000)]
  0x000000001717c000 JavaThread "C2 CompilerThread1" daemon [_thread_in_native, id=10916, stack(0x00000000188c0000,0x00000000189c0000)]
=>0x0000000017172800 JavaThread "C2 CompilerThread0" daemon [_thread_in_native, id=6636, stack(0x00000000187c0000,0x00000000188c0000)]
  0x0000000017171000 JavaThread "Attach Listener" daemon [_thread_blocked, id=6860, stack(0x00000000186c0000,0x00000000187c0000)]
  0x000000001716f800 JavaThread "Signal Dispatcher" daemon [_thread_blocked, id=3544, stack(0x00000000185c0000,0x00000000186c0000)]
  0x0000000017151800 JavaThread "Finalizer" daemon [_thread_blocked, id=2140, stack(0x00000000183c0000,0x00000000184c0000)]
  0x00000000025fd000 JavaThread "Reference Handler" daemon [_thread_blocked, id=8948, stack(0x00000000182c0000,0x00000000183c0000)]
  0x00000000023ee000 JavaThread "main" [_thread_in_vm, id=11792, stack(0x0000000002400000,0x0000000002500000)]

Other Threads:
  0x0000000017125800 VMThread [stack: 0x00000000181c0000,0x00000000182c0000] [id=2556]
  0x0000000018b0c000 WatcherThread [stack: 0x0000000018fc0000,0x00000000190c0000] [id=12052]

VM state:not at safepoint (normal execution)

VM Mutex/Monitor currently owned by a thread: None

heap address: 0x0000000081600000, size: 2026 MB, Compressed Oops mode: 32-bit
Narrow klass base: 0x0000000000000000, Narrow klass shift: 3
Compressed class space size: 1073741824 Address: 0x0000000100000000

Heap:
 PSYoungGen      total 70144K, used 6551K [0x00000000d5d00000, 0x00000000db980000, 0x0000000100000000)
  eden space 65024K, 2% used [0x00000000d5d00000,0x00000000d5e6d3b8,0x00000000d9c80000)
  from space 5120K, 99% used [0x00000000d9e00000,0x00000000da2f8918,0x00000000da300000)
  to   space 14848K, 0% used [0x00000000dab00000,0x00000000dab00000,0x00000000db980000)
 ParOldGen       total 67584K, used 21308K [0x0000000081600000, 0x0000000085800000, 0x00000000d5d00000)
  object space 67584K, 31% used [0x0000000081600000,0x0000000082acf310,0x0000000085800000)
 Metaspace       used 31891K, capacity 32392K, committed 32768K, reserved 1077248K
  class space    used 4093K, capacity 4254K, committed 4352K, reserved 1048576K

Card table byte_map: [0x00000000119c0000,0x0000000011dc0000] byte_map_base: 0x00000000115b5000

Marking Bits: (ParMarkBitMap*) 0x000000006aad9f30
 Begin Bits: [0x0000000012470000, 0x0000000014418000)
 End Bits:   [0x0000000014418000, 0x00000000163c0000)

Polling page: 0x0000000000a40000

CodeCache: size=245760Kb used=7562Kb max_used=7562Kb free=238197Kb
 bounds [0x0000000002600000, 0x0000000002d70000, 0x0000000011600000]
 total_blobs=2844 nmethods=2420 adapters=335
 compilation: enabled

Compilation events (10 events):
Event: 4.756 Thread 0x0000000017183000 nmethod 2400 0x0000000002d53cd0 code [0x0000000002d53e20, 0x0000000002d53f10]
Event: 4.756 Thread 0x0000000017183000 2406       1       org.jetbrains.kotlin.container.SingletonDescriptor::getShouldInjectProperties (2 bytes)
Event: 4.756 Thread 0x0000000017183000 nmethod 2406 0x0000000002d53f90 code [0x0000000002d540e0, 0x0000000002d541f0]
Event: 4.756 Thread 0x0000000017183000 2398       1       org.jetbrains.kotlin.container.SetterInfo::getParameters (5 bytes)
Event: 4.756 Thread 0x0000000017183000 nmethod 2398 0x0000000002d54250 code [0x0000000002d543a0, 0x0000000002d544b0]
Event: 4.757 Thread 0x0000000017183000 2409       3       org.jetbrains.kotlin.container.ComponentResolveContext::<init> (32 bytes)
Event: 4.757 Thread 0x0000000017183000 nmethod 2409 0x0000000002d54510 code [0x0000000002d546a0, 0x0000000002d54a58]
Event: 4.757 Thread 0x0000000017183000 2410       3       org.jetbrains.kotlin.container.ComponentResolveContext::<init> (20 bytes)
Event: 4.758 Thread 0x0000000017183000 nmethod 2410 0x0000000002d54bd0 code [0x0000000002d54d60, 0x0000000002d551b8]
Event: 4.758 Thread 0x0000000017183000 2411       3       org.jetbrains.kotlin.container.StorageComponentContainer::createResolveContext (40 bytes)

GC Heap History (10 events):
Event: 1.995 GC heap before
{Heap before GC invocations=2 (full 0):
 PSYoungGen      total 38400K, used 38381K [0x00000000d5d00000, 0x00000000d8780000, 0x0000000100000000)
  eden space 33280K, 100% used [0x00000000d5d00000,0x00000000d7d80000,0x00000000d7d80000)
  from space 5120K, 99% used [0x00000000d7d80000,0x00000000d827b698,0x00000000d8280000)
  to   space 5120K, 0% used [0x00000000d8280000,0x00000000d8280000,0x00000000d8780000)
 ParOldGen       total 87552K, used 2693K [0x0000000081600000, 0x0000000086b80000, 0x00000000d5d00000)
  object space 87552K, 3% used [0x0000000081600000,0x00000000818a17a0,0x0000000086b80000)
 Metaspace       used 16208K, capacity 16592K, committed 16640K, reserved 1064960K
  class space    used 1903K, capacity 2026K, committed 2048K, reserved 1048576K
Event: 2.008 GC heap after
Heap after GC invocations=2 (full 0):
 PSYoungGen      total 38400K, used 5115K [0x00000000d5d00000, 0x00000000da800000, 0x0000000100000000)
  eden space 33280K, 0% used [0x00000000d5d00000,0x00000000d5d00000,0x00000000d7d80000)
  from space 5120K, 99% used [0x00000000d8280000,0x00000000d877ee40,0x00000000d8780000)
  to   space 5120K, 0% used [0x00000000d7d80000,0x00000000d7d80000,0x00000000d8280000)
 ParOldGen       total 87552K, used 7676K [0x0000000081600000, 0x0000000086b80000, 0x00000000d5d00000)
  object space 87552K, 8% used [0x0000000081600000,0x0000000081d7f350,0x0000000086b80000)
 Metaspace       used 16208K, capacity 16592K, committed 16640K, reserved 1064960K
  class space    used 1903K, capacity 2026K, committed 2048K, reserved 1048576K
}
Event: 2.495 GC heap before
{Heap before GC invocations=3 (full 0):
 PSYoungGen      total 38400K, used 20528K [0x00000000d5d00000, 0x00000000da800000, 0x0000000100000000)
  eden space 33280K, 46% used [0x00000000d5d00000,0x00000000d6c0d550,0x00000000d7d80000)
  from space 5120K, 99% used [0x00000000d8280000,0x00000000d877ee40,0x00000000d8780000)
  to   space 5120K, 0% used [0x00000000d7d80000,0x00000000d7d80000,0x00000000d8280000)
 ParOldGen       total 87552K, used 7676K [0x0000000081600000, 0x0000000086b80000, 0x00000000d5d00000)
  object space 87552K, 8% used [0x0000000081600000,0x0000000081d7f350,0x0000000086b80000)
 Metaspace       used 20753K, capacity 21172K, committed 21296K, reserved 1067008K
  class space    used 2711K, capacity 2872K, committed 2944K, reserved 1048576K
Event: 2.506 GC heap after
Heap after GC invocations=3 (full 0):
 PSYoungGen      total 38400K, used 5116K [0x00000000d5d00000, 0x00000000da800000, 0x0000000100000000)
  eden space 33280K, 0% used [0x00000000d5d00000,0x00000000d5d00000,0x00000000d7d80000)
  from space 5120K, 99% used [0x00000000d7d80000,0x00000000d827f020,0x00000000d8280000)
  to   space 5120K, 0% used [0x00000000da300000,0x00000000da300000,0x00000000da800000)
 ParOldGen       total 87552K, used 11179K [0x0000000081600000, 0x0000000086b80000, 0x00000000d5d00000)
  object space 87552K, 12% used [0x0000000081600000,0x00000000820eaf40,0x0000000086b80000)
 Metaspace       used 20753K, capacity 21172K, committed 21296K, reserved 1067008K
  class space    used 2711K, capacity 2872K, committed 2944K, reserved 1048576K
}
Event: 2.506 GC heap before
{Heap before GC invocations=4 (full 1):
 PSYoungGen      total 38400K, used 5116K [0x00000000d5d00000, 0x00000000da800000, 0x0000000100000000)
  eden space 33280K, 0% used [0x00000000d5d00000,0x00000000d5d00000,0x00000000d7d80000)
  from space 5120K, 99% used [0x00000000d7d80000,0x00000000d827f020,0x00000000d8280000)
  to   space 5120K, 0% used [0x00000000da300000,0x00000000da300000,0x00000000da800000)
 ParOldGen       total 87552K, used 11179K [0x0000000081600000, 0x0000000086b80000, 0x00000000d5d00000)
  object space 87552K, 12% used [0x0000000081600000,0x00000000820eaf40,0x0000000086b80000)
 Metaspace       used 20753K, capacity 21172K, committed 21296K, reserved 1067008K
  class space    used 2711K, capacity 2872K, committed 2944K, reserved 1048576K
Event: 2.565 GC heap after
Heap after GC invocations=4 (full 1):
 PSYoungGen      total 38400K, used 0K [0x00000000d5d00000, 0x00000000da800000, 0x0000000100000000)
  eden space 33280K, 0% used [0x00000000d5d00000,0x00000000d5d00000,0x00000000d7d80000)
  from space 5120K, 0% used [0x00000000d7d80000,0x00000000d7d80000,0x00000000d8280000)
  to   space 5120K, 0% used [0x00000000da300000,0x00000000da300000,0x00000000da800000)
 ParOldGen       total 67584K, used 8480K [0x0000000081600000, 0x0000000085800000, 0x00000000d5d00000)
  object space 67584K, 12% used [0x0000000081600000,0x0000000081e48338,0x0000000085800000)
 Metaspace       used 20753K, capacity 21172K, committed 21296K, reserved 1067008K
  class space    used 2711K, capacity 2872K, committed 2944K, reserved 1048576K
}
Event: 3.446 GC heap before
{Heap before GC invocations=5 (full 1):
 PSYoungGen      total 38400K, used 33280K [0x00000000d5d00000, 0x00000000da800000, 0x0000000100000000)
  eden space 33280K, 100% used [0x00000000d5d00000,0x00000000d7d80000,0x00000000d7d80000)
  from space 5120K, 0% used [0x00000000d7d80000,0x00000000d7d80000,0x00000000d8280000)
  to   space 5120K, 0% used [0x00000000da300000,0x00000000da300000,0x00000000da800000)
 ParOldGen       total 67584K, used 8480K [0x0000000081600000, 0x0000000085800000, 0x00000000d5d00000)
  object space 67584K, 12% used [0x0000000081600000,0x0000000081e48338,0x0000000085800000)
 Metaspace       used 24822K, capacity 25346K, committed 25472K, reserved 1071104K
  class space    used 3256K, capacity 3414K, committed 3456K, reserved 1048576K
Event: 3.458 GC heap after
Heap after GC invocations=5 (full 1):
 PSYoungGen      total 51712K, used 5098K [0x00000000d5d00000, 0x00000000da800000, 0x0000000100000000)
  eden space 46592K, 0% used [0x00000000d5d00000,0x00000000d5d00000,0x00000000d8a80000)
  from space 5120K, 99% used [0x00000000da300000,0x00000000da7fa9a8,0x00000000da800000)
  to   space 5120K, 0% used [0x00000000d9e00000,0x00000000d9e00000,0x00000000da300000)
 ParOldGen       total 67584K, used 10856K [0x0000000081600000, 0x0000000085800000, 0x00000000d5d00000)
  object space 67584K, 16% used [0x0000000081600000,0x000000008209a0a0,0x0000000085800000)
 Metaspace       used 24822K, capacity 25346K, committed 25472K, reserved 1071104K
  class space    used 3256K, capacity 3414K, committed 3456K, reserved 1048576K
}
Event: 4.728 GC heap before
{Heap before GC invocations=6 (full 1):
 PSYoungGen      total 51712K, used 51690K [0x00000000d5d00000, 0x00000000da800000, 0x0000000100000000)
  eden space 46592K, 100% used [0x00000000d5d00000,0x00000000d8a80000,0x00000000d8a80000)
  from space 5120K, 99% used [0x00000000da300000,0x00000000da7fa9a8,0x00000000da800000)
  to   space 5120K, 0% used [0x00000000d9e00000,0x00000000d9e00000,0x00000000da300000)
 ParOldGen       total 67584K, used 10856K [0x0000000081600000, 0x0000000085800000, 0x00000000d5d00000)
  object space 67584K, 16% used [0x0000000081600000,0x000000008209a0a0,0x0000000085800000)
 Metaspace       used 31817K, capacity 32328K, committed 32768K, reserved 1077248K
  class space    used 4079K, capacity 4254K, committed 4352K, reserved 1048576K
Event: 4.749 GC heap after
Heap after GC invocations=6 (full 1):
 PSYoungGen      total 70144K, used 5090K [0x00000000d5d00000, 0x00000000db980000, 0x0000000100000000)
  eden space 65024K, 0% used [0x00000000d5d00000,0x00000000d5d00000,0x00000000d9c80000)
  from space 5120K, 99% used [0x00000000d9e00000,0x00000000da2f8918,0x00000000da300000)
  to   space 14848K, 0% used [0x00000000dab00000,0x00000000dab00000,0x00000000db980000)
 ParOldGen       total 67584K, used 21308K [0x0000000081600000, 0x0000000085800000, 0x00000000d5d00000)
  object space 67584K, 31% used [0x0000000081600000,0x0000000082acf310,0x0000000085800000)
 Metaspace       used 31817K, capacity 32328K, committed 32768K, reserved 1077248K
  class space    used 4079K, capacity 4254K, committed 4352K, reserved 1048576K
}

Deoptimization events (10 events):
Event: 3.762 Thread 0x00000000023ee000 Uncommon trap: reason=bimorphic action=maybe_recompile pc=0x0000000002b45ce4 method=java.util.AbstractList$Itr.next()Ljava/lang/Object; @ 14
Event: 3.762 Thread 0x00000000023ee000 Uncommon trap: reason=bimorphic action=maybe_recompile pc=0x0000000002b461e4 method=java.util.AbstractList$Itr.hasNext()Z @ 8
Event: 3.762 Thread 0x00000000023ee000 Uncommon trap: reason=bimorphic action=maybe_recompile pc=0x0000000002b45ce4 method=java.util.AbstractList$Itr.next()Ljava/lang/Object; @ 14
Event: 3.762 Thread 0x00000000023ee000 Uncommon trap: reason=bimorphic action=maybe_recompile pc=0x0000000002b461e4 method=java.util.AbstractList$Itr.hasNext()Z @ 8
Event: 3.762 Thread 0x00000000023ee000 Uncommon trap: reason=bimorphic action=maybe_recompile pc=0x0000000002b45ce4 method=java.util.AbstractList$Itr.next()Ljava/lang/Object; @ 14
Event: 3.766 Thread 0x00000000023ee000 Uncommon trap: reason=class_check action=maybe_recompile pc=0x0000000002b9be28 method=org.jetbrains.kotlin.protobuf.CodedInputStream.tryRefillBuffer(I)Z @ 177
Event: 3.766 Thread 0x00000000023ee000 Uncommon trap: reason=class_check action=maybe_recompile pc=0x0000000002b9be28 method=org.jetbrains.kotlin.protobuf.CodedInputStream.tryRefillBuffer(I)Z @ 177
Event: 4.091 Thread 0x00000000023ee000 Uncommon trap: reason=unstable_if action=reinterpret pc=0x0000000002c473b8 method=java.lang.reflect.Method.equals(Ljava/lang/Object;)Z @ 49
Event: 4.099 Thread 0x00000000023ee000 Uncommon trap: reason=range_check action=make_not_entrant pc=0x00000000029cba60 method=sun.reflect.generics.parser.SignatureParser.current()C @ 34
Event: 4.138 Thread 0x00000000023ee000 Uncommon trap: reason=unstable_if action=reinterpret pc=0x0000000002c66fbc method=java.lang.Class$MethodArray.addIfNotPresent(Ljava/lang/reflect/Method;)V @ 19

Classes redefined (0 events):
No events

Internal exceptions (10 events):
Event: 1.266 Thread 0x00000000023ee000 Exception <a 'java/lang/ArrayIndexOutOfBoundsException'> (0x00000000d60af168) thrown at [D:\src\AOSP-openjdk-cygwin\jdk8u\hotspot\src\share\vm\runtime\sharedRuntime.cpp, line 605]
Event: 1.858 Thread 0x00000000023ee000 Implicit null exception at 0x00000000028f64af to 0x00000000028f6519
Event: 1.949 Thread 0x00000000023ee000 Exception <a 'java/lang/NoSuchMethodError': java.lang.Object.lambda$comparing$77a9974f$1(Ljava/util/function/Function;Ljava/lang/Object;Ljava/lang/Object;)I> (0x00000000d7be42d8) thrown at [D:\src\AOSP-openjdk-cygwin\jdk8u\hotspot\src\share\vm\interpreter
Event: 1.977 Thread 0x00000000023ee000 Exception <a 'java/lang/NoSuchMethodError': java.lang.Object.lambda$static$0()J> (0x00000000d7ce07d0) thrown at [D:\src\AOSP-openjdk-cygwin\jdk8u\hotspot\src\share\vm\interpreter\linkResolver.cpp, line 620]
Event: 2.409 Thread 0x00000000023ee000 Exception <a 'java/lang/NoSuchMethodError': java.lang.Object.lambda$static$0(I)[Lorg/jetbrains/kotlin/com/intellij/openapi/editor/event/DocumentListener;> (0x00000000d681fc48) thrown at [D:\src\AOSP-openjdk-cygwin\jdk8u\hotspot\src\share\vm\interpreter\li
Event: 2.455 Thread 0x00000000023ee000 Exception <a 'java/lang/NoSuchMethodError': java.lang.Object.lambda$static$0(I)[Lorg/jetbrains/kotlin/com/intellij/psi/PsiAnnotation;> (0x00000000d6a0d8d0) thrown at [D:\src\AOSP-openjdk-cygwin\jdk8u\hotspot\src\share\vm\interpreter\linkResolver.cpp, line
Event: 2.656 Thread 0x00000000023ee000 Exception <a 'java/lang/NoSuchMethodError': java.lang.Object.lambda$static$0(I)[Lorg/jetbrains/kotlin/com/intellij/psi/PsiElement;> (0x00000000d60d7bd8) thrown at [D:\src\AOSP-openjdk-cygwin\jdk8u\hotspot\src\share\vm\interpreter\linkResolver.cpp, line 62
Event: 4.100 Thread 0x00000000023ee000 Exception <a 'java/lang/ArrayIndexOutOfBoundsException': 108> (0x00000000d70d0b88) thrown at [D:\src\AOSP-openjdk-cygwin\jdk8u\hotspot\src\share\vm\interpreter\interpreterRuntime.cpp, line 368]
Event: 4.101 Thread 0x00000000023ee000 Exception <a 'java/lang/ArrayIndexOutOfBoundsException': 92> (0x00000000d70d2268) thrown at [D:\src\AOSP-openjdk-cygwin\jdk8u\hotspot\src\share\vm\interpreter\interpreterRuntime.cpp, line 368]
Event: 4.101 Thread 0x00000000023ee000 Exception <a 'java/lang/ArrayIndexOutOfBoundsException': 40> (0x00000000d70d33e0) thrown at [D:\src\AOSP-openjdk-cygwin\jdk8u\hotspot\src\share\vm\interpreter\interpreterRuntime.cpp, line 368]

Events (10 events):
Event: 4.751 Executing VM operation: RevokeBias
Event: 4.751 Executing VM operation: RevokeBias done
Event: 4.751 Executing VM operation: RevokeBias
Event: 4.751 Executing VM operation: RevokeBias done
Event: 4.751 Executing VM operation: RevokeBias
Event: 4.751 Executing VM operation: RevokeBias done
Event: 4.752 Executing VM operation: RevokeBias
Event: 4.752 Executing VM operation: RevokeBias done
Event: 4.752 Executing VM operation: RevokeBias
Event: 4.752 Executing VM operation: RevokeBias done


Dynamic libraries:
0x00007ff7fedf0000 - 0x00007ff7fee21000 	C:\Android\AndroidStudio\jre\jre\bin\java.exe
0x00007ffcb6b90000 - 0x00007ffcb6d7d000 	C:\WINDOWS\SYSTEM32\ntdll.dll
0x00007ffcb4450000 - 0x00007ffcb4503000 	C:\WINDOWS\System32\KERNEL32.DLL
0x00007ffcb3060000 - 0x00007ffcb32f3000 	C:\WINDOWS\System32\KERNELBASE.dll
0x00007ffcb3e30000 - 0x00007ffcb3ed3000 	C:\WINDOWS\System32\ADVAPI32.dll
0x00007ffcb5c90000 - 0x00007ffcb5d2e000 	C:\WINDOWS\System32\msvcrt.dll
0x00007ffcb4570000 - 0x00007ffcb460e000 	C:\WINDOWS\System32\sechost.dll
0x00007ffcb5e00000 - 0x00007ffcb5f22000 	C:\WINDOWS\System32\RPCRT4.dll
0x00007ffcb69c0000 - 0x00007ffcb6b57000 	C:\WINDOWS\System32\USER32.dll
0x00007ffcb2df0000 - 0x00007ffcb2e10000 	C:\WINDOWS\System32\win32u.dll
0x00007ffcb6480000 - 0x00007ffcb64a9000 	C:\WINDOWS\System32\GDI32.dll
0x00007ffcb2e90000 - 0x00007ffcb3029000 	C:\WINDOWS\System32\gdi32full.dll
0x00007ffcb3300000 - 0x00007ffcb33a0000 	C:\WINDOWS\System32\msvcp_win.dll
0x00007ffcb2cf0000 - 0x00007ffcb2dea000 	C:\WINDOWS\System32\ucrtbase.dll
0x00007ffca9540000 - 0x00007ffca97b9000 	C:\WINDOWS\WinSxS\amd64_microsoft.windows.common-controls_6595b64144ccf1df_6.0.17763.802_none_05b1445c0722d2cc\COMCTL32.dll
0x00007ffcb3fc0000 - 0x00007ffcb42ec000 	C:\WINDOWS\System32\combase.dll
0x00007ffcb2e10000 - 0x00007ffcb2e8e000 	C:\WINDOWS\System32\bcryptPrimitives.dll
0x00007ffcb62e0000 - 0x00007ffcb630e000 	C:\WINDOWS\System32\IMM32.DLL
0x000000006a150000 - 0x000000006a222000 	C:\Android\AndroidStudio\jre\jre\bin\msvcr100.dll
0x000000006a310000 - 0x000000006ab56000 	C:\Android\AndroidStudio\jre\jre\bin\server\jvm.dll
0x00007ffcb69b0000 - 0x00007ffcb69b8000 	C:\WINDOWS\System32\PSAPI.DLL
0x00007ffca9c80000 - 0x00007ffca9ca4000 	C:\WINDOWS\SYSTEM32\WINMM.dll
0x00007ffcb10b0000 - 0x00007ffcb10ba000 	C:\WINDOWS\SYSTEM32\VERSION.dll
0x00007ffcb11b0000 - 0x00007ffcb11b9000 	C:\WINDOWS\SYSTEM32\WSOCK32.dll
0x00007ffcb60e0000 - 0x00007ffcb614d000 	C:\WINDOWS\System32\WS2_32.dll
0x00007ffca9c50000 - 0x00007ffca9c7d000 	C:\WINDOWS\SYSTEM32\winmmbase.dll
0x00007ffcb3de0000 - 0x00007ffcb3e2a000 	C:\WINDOWS\System32\cfgmgr32.dll
0x00007ffcb11a0000 - 0x00007ffcb11af000 	C:\Android\AndroidStudio\jre\jre\bin\verify.dll
0x00007ffcae580000 - 0x00007ffcae5a9000 	C:\Android\AndroidStudio\jre\jre\bin\java.dll
0x00007ffcaec50000 - 0x00007ffcaec66000 	C:\Android\AndroidStudio\jre\jre\bin\zip.dll
0x00007ffcb4790000 - 0x00007ffcb5c84000 	C:\WINDOWS\System32\SHELL32.dll
0x00007ffcb4670000 - 0x00007ffcb4718000 	C:\WINDOWS\System32\shcore.dll
0x00007ffcb33a0000 - 0x00007ffcb3aed000 	C:\WINDOWS\System32\windows.storage.dll
0x00007ffcb2c00000 - 0x00007ffcb2c24000 	C:\WINDOWS\System32\profapi.dll
0x00007ffcb2c70000 - 0x00007ffcb2ccd000 	C:\WINDOWS\System32\powrprof.dll
0x00007ffcb4510000 - 0x00007ffcb4562000 	C:\WINDOWS\System32\shlwapi.dll
0x00007ffcb2c30000 - 0x00007ffcb2c41000 	C:\WINDOWS\System32\kernel.appcore.dll
0x00007ffcb2cd0000 - 0x00007ffcb2ce7000 	C:\WINDOWS\System32\cryptsp.dll
0x00007ffcae560000 - 0x00007ffcae57a000 	C:\Android\AndroidStudio\jre\jre\bin\net.dll
0x00007ffcb2410000 - 0x00007ffcb2477000 	C:\WINDOWS\system32\mswsock.dll
0x00007ffcadb10000 - 0x00007ffcadb21000 	C:\Android\AndroidStudio\jre\jre\bin\nio.dll

VM Arguments:
java_command: org.jetbrains.kotlin.cli.jvm.K2JVMCompiler -Xallow-no-source-files -classpath C:\Users\Dmitriy\.gradle\caches\transforms-2\files-2.1\fef5cd5954d44ade18a70dca6e717b5b\databinding-adapters-3.5.0\jars\classes.jar;C:\Users\Dmitriy\.gradle\caches\transforms-2\files-2.1\5ae495feaa635f162e793b816a77bf24\databinding-runtime-3.5.0\jars\classes.jar;C:\Users\Dmitriy\.gradle\caches\modules-2\files-2.1\androidx.databinding\databinding-common\3.5.0\ad17a14009fa4322bf1f90fd8ca631992e5d667f\databinding-common-3.5.0.jar;C:\Users\Dmitriy\.gradle\caches\transforms-2\files-2.1\970f97153940e89f3358bfd5a653b8f5\navigation-ui-ktx-2.2.0-alpha03\jars\classes.jar;C:\Users\Dmitriy\.gradle\caches\transforms-2\files-2.1\58e02f474f1780342b5cb945945f5c72\jetified-navigation-ui-2.2.0-alpha03\jars\classes.jar;C:\Users\Dmitriy\.gradle\caches\transforms-2\files-2.1\4b572913f1a424e7576b45966b745c44\material-1.0.0\jars\classes.jar;C:\Users\Dmitriy\.gradle\caches\transforms-2\files-2.1\8a90935574f82694cec42fb7c78743b1\appcompat-1.0.2\jars\classes.jar;C:\Users\Dmitriy\.gradle\caches\transforms-2\files-2.1\d5667dc31fbef5d02758925ab9660b6b\room-ktx-2.1.0\jars\classes.jar;C:\Users\Dmitriy\.gradle\caches\transforms-2\files-2.1\aec49d45ff6f0ecbf095c9d8309b2e41\room-runtime-2.1.0\jars\classes.jar;C:\Users\Dmitriy\.gradle\caches\transforms-2\files-2.1\aec49d45ff6f0ecbf095c9d8309b2e41\room-runtime-2.1.0\jars\libs\room-common-java8-2.1.0.jar;C:\Users\Dmitriy\.gradle\caches\transforms-2\files-2.1\4109fbebe948b66ccc9873a1a672f0e4\navigation-fragment-ktx-2.2.0-alpha03\jars\classes.jar;C:\Users\Dmitriy\.gradle\caches\transforms-2\files-2.1\651131074ee446dc559f27b772e62c92\fragment-ktx-1.2.0-alpha04\jars\classes.jar;C:\Users\Dmitriy\.gradle\caches\transforms-2\files-2.1\206daaceda74501234ecbdb2410d62bf\navigation-runtime-ktx-2.2.0-alpha03\jars\classes.jar;C:\Users\Dmitriy\.gradle\caches\transforms-2\files-2.1\e594d4fdf4b9370098ace5137c7b01a5\activity-ktx-1.1.0-alpha03\jars\classes.jar;C:\Users\Dmitriy\
java_class_path (initial): C:\Users\Dmitriy\.gradle\caches\modules-2\files-2.1\org.jetbrains.kotlin\kotlin-compiler-embeddable\1.3.41\6b1d4385d65894e07a0d14a5949f5417a408f0b7\kotlin-compiler-embeddable-1.3.41.jar;C:\Users\Dmitriy\.gradle\caches\modules-2\files-2.1\org.jetbrains.kotlin\kotlin-reflect\1.3.41\8fb58b8954661de666e321478bf4178c18ce8018\kotlin-reflect-1.3.41.jar;C:\Users\Dmitriy\.gradle\caches\modules-2\files-2.1\org.jetbrains.kotlin\kotlin-stdlib\1.3.41\e24bd38de28a326cce8b1f0d61e809e9a92dad6a\kotlin-stdlib-1.3.41.jar;C:\Users\Dmitriy\.gradle\caches\modules-2\files-2.1\org.jetbrains.kotlin\kotlin-script-runtime\1.3.41\bcc3380041bbba171119c22d7024961b60da69e0\kotlin-script-runtime-1.3.41.jar;C:\Users\Dmitriy\.gradle\caches\modules-2\files-2.1\org.jetbrains.intellij.deps\trove4j\1.0.20181211\216c2e14b070f334479d800987affe4054cd563f\trove4j-1.0.20181211.jar;C:\Users\Dmitriy\.gradle\caches\modules-2\files-2.1\org.jetbrains.kotlin\kotlin-stdlib-common\1.3.41\2ecf4aa059427d7186312fd1736afedf7972e7f7\kotlin-stdlib-common-1.3.41.jar;C:\Users\Dmitriy\.gradle\caches\modules-2\files-2.1\org.jetbrains\annotations\13.0\919f0dfe192fb4e063e7dacadee7f8bb9a2672a9\annotations-13.0.jar;C:\Android\AndroidStudio\jre\lib\tools.jar
Launcher Type: SUN_STANDARD

Environment Variables:
JAVA_HOME=C:\Program Files\Java\jdk1.8.0_191
PATH=C:\WINDOWS\system32;C:\WINDOWS;C:\WINDOWS\System32\Wbem;C:\WINDOWS\System32\WindowsPowerShell\v1.0\;C:\Program Files\Git\cmd;C:\WINDOWS\System32\OpenSSH\;C:\Users\Dmitriy\AppData\Local\Programs\Python\Python37\;C:\Users\Dmitriy\AppData\Local\Programs\Python\Python37\Scripts\;C:\Program Files\Java\jdk1.8.0_191\bin;C:\Android\android-sdk\platform-tools;C:\Users\Dmitriy\AppData\Local\Microsoft\WindowsApps;;C:\Program Files\PyCharm Community Edition 2019.2.2\bin;;C:\Program Files\JetBrains\IntelliJ IDEA Community Edition 2019.2.2\bin;;C:\Program Files\JetBrains\GoLand 2019.2.2\bin;
USERNAME=Dmitriy
OS=Windows_NT
PROCESSOR_IDENTIFIER=Intel64 Family 6 Model 61 Stepping 4, GenuineIntel



---------------  S Y S T E M  ---------------

OS: Windows 10.0 , 64 bit Build 17763 (10.0.17763.475)

CPU:total 4 (initial active 4) (2 cores per cpu, 2 threads per core) family 6 model 61 stepping 4, cmov, cx8, fxsr, mmx, sse, sse2, sse3, ssse3, sse4.1, sse4.2, popcnt, avx, avx2, aes, clmul, erms, 3dnowpref, lzcnt, ht, tsc, tscinvbit, bmi1, bmi2, adx

Memory: 4k page, physical 8297068k(499768k free), swap 8297068k(5120k free)

vm_info: OpenJDK 64-Bit Server VM (25.202-b03) for windows-amd64 JRE (1.8.0_202-release-1483-b03), built by "builder" with MS VC++ 10.0 (VS2010)

time: Thu Oct 31 02:01:07 2019
timezone: RTZ 6 (зима)
elapsed time: 4 seconds (0d 0h 0m 4s)

