#
# There is insufficient memory for the Java Runtime Environment to continue.
# Native memory allocation (malloc) failed to allocate 980176 bytes for Chunk::new
# Possible reasons:
#   The system is out of physical RAM or swap space
#   The process is running with CompressedOops enabled, and the Java Heap may be blocking the growth of the native heap
# Possible solutions:
#   Reduce memory load on the system
#   Increase physical memory or swap space
#   Check if swap backing store is full
#   Decrease Java heap size (-Xmx/-Xms)
#   Decrease number of Java threads
#   Decrease Java thread stack sizes (-Xss)
#   Set larger code cache with -XX:ReservedCodeCacheSize=
#   JVM is running with Unscaled Compressed Oops mode in which the Java heap is
#     placed in the first 4GB address space. The Java Heap base address is the
#     maximum limit for the native heap growth. Please use -XX:HeapBaseMinAddress
#     to set the Java Heap base and to place the Java Heap above 4GB virtual address.
# This output file may be truncated or incomplete.
#
#  Out of Memory Error (allocation.cpp:389), pid=9840, tid=0x000000000000227c
#
# JRE version: OpenJDK Runtime Environment (8.0_202-b03) (build 1.8.0_202-release-1483-b03)
# Java VM: OpenJDK 64-Bit Server VM (25.202-b03 mixed mode windows-amd64 compressed oops)
# Failed to write core dump. Minidumps are not enabled by default on client versions of Windows
#

---------------  T H R E A D  ---------------

Current thread (0x00000000194b4800):  JavaThread "C2 CompilerThread1" daemon [_thread_in_native, id=8828, stack(0x00000000198b0000,0x00000000199b0000)]

Stack: [0x00000000198b0000,0x00000000199b0000]
[error occurred during error reporting (printing stack bounds), id 0xc0000005]

Native frames: (J=compiled Java code, j=interpreted, Vv=VM code, C=native code)


Current CompileTask:
C2:  22488 9026       4       org.jetbrains.kotlin.load.kotlin.TypeSignatureMappingKt::mapBuiltInType (368 bytes)


---------------  P R O C E S S  ---------------

Java Threads: ( => current thread )
  0x00000000194bc800 JavaThread "Service Thread" daemon [_thread_blocked, id=2852, stack(0x0000000019ab0000,0x0000000019bb0000)]
  0x00000000194b8000 JavaThread "C1 CompilerThread2" daemon [_thread_blocked, id=7540, stack(0x00000000199b0000,0x0000000019ab0000)]
=>0x00000000194b4800 JavaThread "C2 CompilerThread1" daemon [_thread_in_native, id=8828, stack(0x00000000198b0000,0x00000000199b0000)]
  0x0000000017d5c800 JavaThread "C2 CompilerThread0" daemon [_thread_in_native, id=11104, stack(0x00000000193b0000,0x00000000194b0000)]
  0x0000000017d5b000 JavaThread "Attach Listener" daemon [_thread_blocked, id=10524, stack(0x00000000192b0000,0x00000000193b0000)]
  0x0000000017d59800 JavaThread "Signal Dispatcher" daemon [_thread_blocked, id=1736, stack(0x00000000191b0000,0x00000000192b0000)]
  0x00000000031eb000 JavaThread "Finalizer" daemon [_thread_blocked, id=4412, stack(0x0000000018fb0000,0x00000000190b0000)]
  0x00000000031e7800 JavaThread "Reference Handler" daemon [_thread_blocked, id=4736, stack(0x0000000018eb0000,0x0000000018fb0000)]
  0x00000000030f8000 JavaThread "main" [_thread_in_vm, id=7348, stack(0x0000000002f00000,0x0000000003000000)]

Other Threads:
  0x0000000017d15800 VMThread [stack: 0x0000000018db0000,0x0000000018eb0000] [id=2924]
  0x00000000194bd800 WatcherThread [stack: 0x0000000019bb0000,0x0000000019cb0000] [id=8984]

VM state:not at safepoint (normal execution)

VM Mutex/Monitor currently owned by a thread: None

heap address: 0x0000000081600000, size: 2026 MB, Compressed Oops mode: 32-bit
Narrow klass base: 0x0000000000000000, Narrow klass shift: 3
Compressed class space size: 1073741824 Address: 0x0000000100000000

Heap:
 PSYoungGen      total 103424K, used 11267K [0x00000000d5d00000, 0x00000000ddc00000, 0x0000000100000000)
  eden space 87552K, 12% used [0x00000000d5d00000,0x00000000d6800c48,0x00000000db280000)
  from space 15872K, 0% used [0x00000000dc580000,0x00000000dc580000,0x00000000dd500000)
  to   space 19456K, 0% used [0x00000000db280000,0x00000000db280000,0x00000000dc580000)
 ParOldGen       total 67072K, used 56232K [0x0000000081600000, 0x0000000085780000, 0x00000000d5d00000)
  object space 67072K, 83% used [0x0000000081600000,0x0000000084cea1a0,0x0000000085780000)
 Metaspace       used 59804K, capacity 61030K, committed 61184K, reserved 1103872K
  class space    used 7253K, capacity 7555K, committed 7680K, reserved 1048576K

Card table byte_map: [0x00000000125b0000,0x00000000129b0000] byte_map_base: 0x00000000121a5000

Marking Bits: (ParMarkBitMap*) 0x0000000054c49f30
 Begin Bits: [0x0000000013060000, 0x0000000015008000)
 End Bits:   [0x0000000015008000, 0x0000000016fb0000)

Polling page: 0x0000000002e70000

CodeCache: size=245760Kb used=27577Kb max_used=27577Kb free=218182Kb
 bounds [0x00000000031f0000, 0x0000000004d00000, 0x00000000121f0000]
 total_blobs=8709 nmethods=8199 adapters=421
 compilation: enabled

Compilation events (10 events):
Event: 22.476 Thread 0x00000000194b8000 9103       3       org.jetbrains.org.objectweb.asm.tree.analysis.Frame::pop (39 bytes)
Event: 22.476 Thread 0x00000000194b8000 nmethod 9103 0x0000000004cf1450 code [0x0000000004cf15c0, 0x0000000004cf1848]
Event: 22.477 Thread 0x00000000194b8000 9104       1       org.jetbrains.org.objectweb.asm.tree.InsnNode::getType (2 bytes)
Event: 22.477 Thread 0x00000000194b8000 nmethod 9104 0x0000000004cf1990 code [0x0000000004cf1ae0, 0x0000000004cf1bf0]
Event: 22.482 Thread 0x00000000194b8000 9105       3       org.jetbrains.org.objectweb.asm.tree.MethodNode::getLabelNode (30 bytes)
Event: 22.483 Thread 0x00000000194b8000 nmethod 9105 0x0000000004cf1c50 code [0x0000000004cf1de0, 0x0000000004cf22f0]
Event: 22.483 Thread 0x00000000194b8000 9106       3       org.jetbrains.org.objectweb.asm.tree.AbstractInsnNode::acceptAnnotations (141 bytes)
Event: 22.484 Thread 0x00000000194b8000 nmethod 9106 0x0000000004cf2490 code [0x0000000004cf26a0, 0x0000000004cf3218]
Event: 22.485 Thread 0x00000000194b8000 9107       3       org.jetbrains.kotlin.resolve.jvm.jvmSignature.JvmMethodParameterSignature::<init> (31 bytes)
Event: 22.485 Thread 0x00000000194b8000 nmethod 9107 0x0000000004cf3610 code [0x0000000004cf3780, 0x0000000004cf3a58]

GC Heap History (10 events):
Event: 12.973 GC heap before
{Heap before GC invocations=9 (full 2):
 PSYoungGen      total 81920K, used 66560K [0x00000000d5d00000, 0x00000000dd580000, 0x0000000100000000)
  eden space 66560K, 100% used [0x00000000d5d00000,0x00000000d9e00000,0x00000000d9e00000)
  from space 15360K, 0% used [0x00000000dac80000,0x00000000dac80000,0x00000000dbb80000)
  to   space 14848K, 0% used [0x00000000d9e00000,0x00000000d9e00000,0x00000000dac80000)
 ParOldGen       total 67072K, used 17220K [0x0000000081600000, 0x0000000085780000, 0x00000000d5d00000)
  object space 67072K, 25% used [0x0000000081600000,0x00000000826d1388,0x0000000085780000)
 Metaspace       used 40624K, capacity 41292K, committed 41600K, reserved 1085440K
  class space    used 5078K, capacity 5246K, committed 5248K, reserved 1048576K
Event: 12.999 GC heap after
Heap after GC invocations=9 (full 2):
 PSYoungGen      total 81408K, used 13019K [0x00000000d5d00000, 0x00000000dd500000, 0x0000000100000000)
  eden space 66560K, 0% used [0x00000000d5d00000,0x00000000d5d00000,0x00000000d9e00000)
  from space 14848K, 87% used [0x00000000d9e00000,0x00000000daab6c40,0x00000000dac80000)
  to   space 15872K, 0% used [0x00000000dc580000,0x00000000dc580000,0x00000000dd500000)
 ParOldGen       total 67072K, used 17228K [0x0000000081600000, 0x0000000085780000, 0x00000000d5d00000)
  object space 67072K, 25% used [0x0000000081600000,0x00000000826d3388,0x0000000085780000)
 Metaspace       used 40624K, capacity 41292K, committed 41600K, reserved 1085440K
  class space    used 5078K, capacity 5246K, committed 5248K, reserved 1048576K
}
Event: 15.414 GC heap before
{Heap before GC invocations=10 (full 2):
 PSYoungGen      total 81408K, used 79579K [0x00000000d5d00000, 0x00000000dd500000, 0x0000000100000000)
  eden space 66560K, 100% used [0x00000000d5d00000,0x00000000d9e00000,0x00000000d9e00000)
  from space 14848K, 87% used [0x00000000d9e00000,0x00000000daab6c40,0x00000000dac80000)
  to   space 15872K, 0% used [0x00000000dc580000,0x00000000dc580000,0x00000000dd500000)
 ParOldGen       total 67072K, used 17228K [0x0000000081600000, 0x0000000085780000, 0x00000000d5d00000)
  object space 67072K, 25% used [0x0000000081600000,0x00000000826d3388,0x0000000085780000)
 Metaspace       used 46126K, capacity 46916K, committed 47232K, reserved 1091584K
  class space    used 5731K, capacity 5952K, committed 6016K, reserved 1048576K
Event: 15.445 GC heap after
Heap after GC invocations=10 (full 2):
 PSYoungGen      total 103424K, used 15853K [0x00000000d5d00000, 0x00000000ddc00000, 0x0000000100000000)
  eden space 87552K, 0% used [0x00000000d5d00000,0x00000000d5d00000,0x00000000db280000)
  from space 15872K, 99% used [0x00000000dc580000,0x00000000dd4fb698,0x00000000dd500000)
  to   space 19456K, 0% used [0x00000000db280000,0x00000000db280000,0x00000000dc580000)
 ParOldGen       total 67072K, used 21338K [0x0000000081600000, 0x0000000085780000, 0x00000000d5d00000)
  object space 67072K, 31% used [0x0000000081600000,0x0000000082ad6840,0x0000000085780000)
 Metaspace       used 46126K, capacity 46916K, committed 47232K, reserved 1091584K
  class space    used 5731K, capacity 5952K, committed 6016K, reserved 1048576K
}
Event: 19.473 GC heap before
{Heap before GC invocations=11 (full 2):
 PSYoungGen      total 103424K, used 103405K [0x00000000d5d00000, 0x00000000ddc00000, 0x0000000100000000)
  eden space 87552K, 100% used [0x00000000d5d00000,0x00000000db280000,0x00000000db280000)
  from space 15872K, 99% used [0x00000000dc580000,0x00000000dd4fb698,0x00000000dd500000)
  to   space 19456K, 0% used [0x00000000db280000,0x00000000db280000,0x00000000dc580000)
 ParOldGen       total 67072K, used 21338K [0x0000000081600000, 0x0000000085780000, 0x00000000d5d00000)
  object space 67072K, 31% used [0x0000000081600000,0x0000000082ad6840,0x0000000085780000)
 Metaspace       used 52953K, capacity 54010K, committed 54272K, reserved 1097728K
  class space    used 6567K, capacity 6853K, committed 6912K, reserved 1048576K
Event: 19.521 GC heap after
Heap after GC invocations=11 (full 2):
 PSYoungGen      total 107008K, used 19451K [0x00000000d5d00000, 0x00000000ddc00000, 0x0000000100000000)
  eden space 87552K, 0% used [0x00000000d5d00000,0x00000000d5d00000,0x00000000db280000)
  from space 19456K, 99% used [0x00000000db280000,0x00000000dc57ee50,0x00000000dc580000)
  to   space 15872K, 0% used [0x00000000dc580000,0x00000000dc580000,0x00000000dd500000)
 ParOldGen       total 67072K, used 36667K [0x0000000081600000, 0x0000000085780000, 0x00000000d5d00000)
  object space 67072K, 54% used [0x0000000081600000,0x00000000839cef18,0x0000000085780000)
 Metaspace       used 52953K, capacity 54010K, committed 54272K, reserved 1097728K
  class space    used 6567K, capacity 6853K, committed 6912K, reserved 1048576K
}
Event: 21.617 GC heap before
{Heap before GC invocations=12 (full 2):
 PSYoungGen      total 107008K, used 70317K [0x00000000d5d00000, 0x00000000ddc00000, 0x0000000100000000)
  eden space 87552K, 58% used [0x00000000d5d00000,0x00000000d8eac620,0x00000000db280000)
  from space 19456K, 99% used [0x00000000db280000,0x00000000dc57ee50,0x00000000dc580000)
  to   space 15872K, 0% used [0x00000000dc580000,0x00000000dc580000,0x00000000dd500000)
 ParOldGen       total 67072K, used 36667K [0x0000000081600000, 0x0000000085780000, 0x00000000d5d00000)
  object space 67072K, 54% used [0x0000000081600000,0x00000000839cef18,0x0000000085780000)
 Metaspace       used 57922K, capacity 59008K, committed 59136K, reserved 1101824K
  class space    used 7052K, capacity 7340K, committed 7424K, reserved 1048576K
Event: 21.656 GC heap after
Heap after GC invocations=12 (full 2):
 PSYoungGen      total 103424K, used 15867K [0x00000000d5d00000, 0x00000000ddc00000, 0x0000000100000000)
  eden space 87552K, 0% used [0x00000000d5d00000,0x00000000d5d00000,0x00000000db280000)
  from space 15872K, 99% used [0x00000000dc580000,0x00000000dd4feca8,0x00000000dd500000)
  to   space 19456K, 0% used [0x00000000db280000,0x00000000db280000,0x00000000dc580000)
 ParOldGen       total 67072K, used 48050K [0x0000000081600000, 0x0000000085780000, 0x00000000d5d00000)
  object space 67072K, 71% used [0x0000000081600000,0x00000000844ec958,0x0000000085780000)
 Metaspace       used 57922K, capacity 59008K, committed 59136K, reserved 1101824K
  class space    used 7052K, capacity 7340K, committed 7424K, reserved 1048576K
}
Event: 21.656 GC heap before
{Heap before GC invocations=13 (full 3):
 PSYoungGen      total 103424K, used 15867K [0x00000000d5d00000, 0x00000000ddc00000, 0x0000000100000000)
  eden space 87552K, 0% used [0x00000000d5d00000,0x00000000d5d00000,0x00000000db280000)
  from space 15872K, 99% used [0x00000000dc580000,0x00000000dd4feca8,0x00000000dd500000)
  to   space 19456K, 0% used [0x00000000db280000,0x00000000db280000,0x00000000dc580000)
 ParOldGen       total 67072K, used 48050K [0x0000000081600000, 0x0000000085780000, 0x00000000d5d00000)
  object space 67072K, 71% used [0x0000000081600000,0x00000000844ec958,0x0000000085780000)
 Metaspace       used 57922K, capacity 59008K, committed 59136K, reserved 1101824K
  class space    used 7052K, capacity 7340K, committed 7424K, reserved 1048576K
Event: 22.126 GC heap after
Heap after GC invocations=13 (full 3):
 PSYoungGen      total 103424K, used 0K [0x00000000d5d00000, 0x00000000ddc00000, 0x0000000100000000)
  eden space 87552K, 0% used [0x00000000d5d00000,0x00000000d5d00000,0x00000000db280000)
  from space 15872K, 0% used [0x00000000dc580000,0x00000000dc580000,0x00000000dd500000)
  to   space 19456K, 0% used [0x00000000db280000,0x00000000db280000,0x00000000dc580000)
 ParOldGen       total 67072K, used 56232K [0x0000000081600000, 0x0000000085780000, 0x00000000d5d00000)
  object space 67072K, 83% used [0x0000000081600000,0x0000000084cea1a0,0x0000000085780000)
 Metaspace       used 57922K, capacity 59008K, committed 59136K, reserved 1101824K
  class space    used 7052K, capacity 7340K, committed 7424K, reserved 1048576K
}

Deoptimization events (10 events):
Event: 22.164 Thread 0x00000000030f8000 Uncommon trap: reason=class_check action=maybe_recompile pc=0x000000000487b6d0 method=gnu.trove.TObjectHash.contains(Ljava/lang/Object;)Z @ 2
Event: 22.164 Thread 0x00000000030f8000 Uncommon trap: reason=class_check action=maybe_recompile pc=0x000000000487b6d0 method=gnu.trove.TObjectHash.contains(Ljava/lang/Object;)Z @ 2
Event: 22.208 Thread 0x00000000030f8000 Uncommon trap: reason=unstable_if action=reinterpret pc=0x0000000003ae3b9c method=org.jetbrains.kotlin.protobuf.SmallSortedMap.entrySet()Ljava/util/Set; @ 4
Event: 22.218 Thread 0x00000000030f8000 Uncommon trap: reason=predicate action=maybe_recompile pc=0x00000000042ee8c4 method=java.util.AbstractCollection.toArray([Ljava/lang/Object;)[Ljava/lang/Object; @ 49
Event: 22.220 Thread 0x00000000030f8000 Uncommon trap: reason=class_check action=maybe_recompile pc=0x00000000041ef8d4 method=org.jetbrains.kotlin.load.java.lazy.descriptors.LazyJavaScope.getPropertyNamesLazy()Ljava/util/Set; @ 13
Event: 22.225 Thread 0x00000000030f8000 Uncommon trap: reason=class_check action=maybe_recompile pc=0x000000000487b6d0 method=gnu.trove.TObjectHash.contains(Ljava/lang/Object;)Z @ 2
Event: 22.227 Thread 0x00000000030f8000 Uncommon trap: reason=class_check action=maybe_recompile pc=0x000000000487b6d0 method=gnu.trove.TObjectHash.contains(Ljava/lang/Object;)Z @ 2
Event: 22.363 Thread 0x00000000030f8000 Uncommon trap: reason=class_check action=maybe_recompile pc=0x0000000004972b7c method=org.jetbrains.org.objectweb.asm.ClassReader.accept(Lorg/jetbrains/org/objectweb/asm/ClassVisitor;[Lorg/jetbrains/org/objectweb/asm/Attribute;I)V @ 628
Event: 22.363 Thread 0x00000000030f8000 Uncommon trap: reason=class_check action=maybe_recompile pc=0x0000000004965210 method=org.jetbrains.org.objectweb.asm.ClassReader.readMethod(Lorg/jetbrains/org/objectweb/asm/ClassVisitor;Lorg/jetbrains/org/objectweb/asm/Context;I)I @ 1027
Event: 22.412 Thread 0x00000000030f8000 Uncommon trap: reason=speculate_class_check action=maybe_recompile pc=0x0000000004c487f4 method=java.util.ArrayList.<init>(Ljava/util/Collection;)V @ 36

Classes redefined (0 events):
No events

Internal exceptions (10 events):
Event: 18.506 Thread 0x00000000030f8000 Exception <a 'java/lang/IncompatibleClassChangeError': Found class java.lang.Object, but interface was expected> (0x00000000d9b95a28) thrown at [D:\src\AOSP-openjdk-cygwin\jdk8u\hotspot\src\share\vm\interpreter\linkResolver.cpp, line 653]
Event: 20.729 Thread 0x00000000030f8000 Implicit null exception at 0x00000000034444d5 to 0x00000000034446c1
Event: 20.756 Thread 0x00000000030f8000 Implicit null exception at 0x000000000383500c to 0x0000000003835066
Event: 21.043 Thread 0x00000000030f8000 Implicit null exception at 0x0000000004190d54 to 0x0000000004190fbe
Event: 21.104 Thread 0x00000000030f8000 Implicit null exception at 0x0000000004c6cf1e to 0x0000000004c73a81
Event: 21.341 Thread 0x00000000030f8000 Implicit null exception at 0x0000000003a61354 to 0x0000000003a6152c
Event: 21.407 Thread 0x00000000030f8000 Exception <a 'java/lang/NoSuchMethodError': java.lang.Object.lambda$static$0(Ljava/lang/Throwable;Ljava/lang/String;)V> (0x00000000d8605290) thrown at [D:\src\AOSP-openjdk-cygwin\jdk8u\hotspot\src\share\vm\interpreter\linkResolver.cpp, line 620]
Event: 22.180 Thread 0x00000000030f8000 Exception <a 'java/lang/NoSuchMethodError': java.lang.Object.lambda$static$0(Lorg/jetbrains/kotlin/descriptors/ValueParameterDescriptor;Lorg/jetbrains/kotlin/codegen/ExpressionCodegen;)Lorg/jetbrains/kotlin/codegen/StackValue;> (0x00000000d5f20b48) thrown
Event: 22.437 Thread 0x00000000030f8000 Exception <a 'java/lang/NoSuchMethodError': java.lang.Object.lambda$static$0(Ljava/lang/String;)Z> (0x00000000d669c590) thrown at [D:\src\AOSP-openjdk-cygwin\jdk8u\hotspot\src\share\vm\interpreter\linkResolver.cpp, line 620]
Event: 22.441 Thread 0x00000000030f8000 Exception <a 'java/lang/NoSuchMethodError': java.lang.Object.lambda$static$1(Ljava/lang/String;)Z> (0x00000000d669f028) thrown at [D:\src\AOSP-openjdk-cygwin\jdk8u\hotspot\src\share\vm\interpreter\linkResolver.cpp, line 620]

Events (10 events):
Event: 22.481 loading class org/jetbrains/kotlin/codegen/inline/LocalVarRemapper$RemapInfo
Event: 22.481 loading class org/jetbrains/kotlin/codegen/inline/LocalVarRemapper$RemapInfo done
Event: 22.482 loading class org/jetbrains/kotlin/codegen/inline/LocalVarRemapper$RemapStatus
Event: 22.482 loading class org/jetbrains/kotlin/codegen/inline/LocalVarRemapper$RemapStatus done
Event: 22.482 loading class org/jetbrains/kotlin/codegen/inline/MethodInliner$PointForExternalFinallyBlocks
Event: 22.482 loading class org/jetbrains/kotlin/codegen/inline/MethodInliner$PointForExternalFinallyBlocks done
Event: 22.483 loading class org/jetbrains/kotlin/codegen/inline/SourceMapper$DefaultImpls
Event: 22.483 loading class org/jetbrains/kotlin/codegen/inline/SourceMapper$DefaultImpls done
Event: 22.486 loading class org/jetbrains/kotlin/codegen/inline/InternalFinallyBlockInliner
Event: 22.486 loading class org/jetbrains/kotlin/codegen/inline/InternalFinallyBlockInliner done


Dynamic libraries:
0x00007ff6be680000 - 0x00007ff6be6b1000 	C:\Android\AndroidStudio\jre\jre\bin\java.exe
0x00007ffad4b10000 - 0x00007ffad4cfd000 	C:\WINDOWS\SYSTEM32\ntdll.dll
0x00007ffad42c0000 - 0x00007ffad4373000 	C:\WINDOWS\System32\KERNEL32.DLL
0x00007ffad0fc0000 - 0x00007ffad1253000 	C:\WINDOWS\System32\KERNELBASE.dll
0x00007ffad2600000 - 0x00007ffad26a3000 	C:\WINDOWS\System32\ADVAPI32.dll
0x00007ffad4a10000 - 0x00007ffad4aae000 	C:\WINDOWS\System32\msvcrt.dll
0x00007ffad2420000 - 0x00007ffad24be000 	C:\WINDOWS\System32\sechost.dll
0x00007ffad4190000 - 0x00007ffad42b2000 	C:\WINDOWS\System32\RPCRT4.dll
0x00007ffad3f50000 - 0x00007ffad40e7000 	C:\WINDOWS\System32\USER32.dll
0x00007ffad1540000 - 0x00007ffad1560000 	C:\WINDOWS\System32\win32u.dll
0x00007ffad4ab0000 - 0x00007ffad4ad9000 	C:\WINDOWS\System32\GDI32.dll
0x00007ffad0ca0000 - 0x00007ffad0e39000 	C:\WINDOWS\System32\gdi32full.dll
0x00007ffad0f20000 - 0x00007ffad0fc0000 	C:\WINDOWS\System32\msvcp_win.dll
0x00007ffad1440000 - 0x00007ffad153a000 	C:\WINDOWS\System32\ucrtbase.dll
0x00007ffac7870000 - 0x00007ffac7ae9000 	C:\WINDOWS\WinSxS\amd64_microsoft.windows.common-controls_6595b64144ccf1df_6.0.17763.802_none_05b1445c0722d2cc\COMCTL32.dll
0x00007ffad1fa0000 - 0x00007ffad22cc000 	C:\WINDOWS\System32\combase.dll
0x00007ffad0ea0000 - 0x00007ffad0f1e000 	C:\WINDOWS\System32\bcryptPrimitives.dll
0x00007ffad4160000 - 0x00007ffad418e000 	C:\WINDOWS\System32\IMM32.DLL
0x00000000542c0000 - 0x0000000054392000 	C:\Android\AndroidStudio\jre\jre\bin\msvcr100.dll
0x0000000054480000 - 0x0000000054cc6000 	C:\Android\AndroidStudio\jre\jre\bin\server\jvm.dll
0x00007ffad2410000 - 0x00007ffad2418000 	C:\WINDOWS\System32\PSAPI.DLL
0x00007ffacedd0000 - 0x00007ffacedd9000 	C:\WINDOWS\SYSTEM32\WSOCK32.dll
0x00007ffad23a0000 - 0x00007ffad240d000 	C:\WINDOWS\System32\WS2_32.dll
0x00007ffac7d00000 - 0x00007ffac7d24000 	C:\WINDOWS\SYSTEM32\WINMM.dll
0x00007ffac7b00000 - 0x00007ffac7b0a000 	C:\WINDOWS\SYSTEM32\VERSION.dll
0x00007ffac7cd0000 - 0x00007ffac7cfd000 	C:\WINDOWS\SYSTEM32\WINMMBASE.dll
0x00007ffad0c50000 - 0x00007ffad0c9a000 	C:\WINDOWS\System32\cfgmgr32.dll
0x00007ffacea00000 - 0x00007ffacea0f000 	C:\Android\AndroidStudio\jre\jre\bin\verify.dll
0x00007ffaccb00000 - 0x00007ffaccb29000 	C:\Android\AndroidStudio\jre\jre\bin\java.dll
0x00007ffacbe50000 - 0x00007ffacbe66000 	C:\Android\AndroidStudio\jre\jre\bin\zip.dll
0x00007ffad2760000 - 0x00007ffad3c54000 	C:\WINDOWS\System32\SHELL32.dll
0x00007ffad26b0000 - 0x00007ffad2758000 	C:\WINDOWS\System32\shcore.dll
0x00007ffad1560000 - 0x00007ffad1cad000 	C:\WINDOWS\System32\windows.storage.dll
0x00007ffad0c20000 - 0x00007ffad0c44000 	C:\WINDOWS\System32\profapi.dll
0x00007ffad0b80000 - 0x00007ffad0bdd000 	C:\WINDOWS\System32\powrprof.dll
0x00007ffad4530000 - 0x00007ffad4582000 	C:\WINDOWS\System32\shlwapi.dll
0x00007ffad0c00000 - 0x00007ffad0c11000 	C:\WINDOWS\System32\kernel.appcore.dll
0x00007ffad1d90000 - 0x00007ffad1da7000 	C:\WINDOWS\System32\cryptsp.dll
0x00007ffac9e70000 - 0x00007ffac9e8a000 	C:\Android\AndroidStudio\jre\jre\bin\net.dll
0x00007ffad0390000 - 0x00007ffad03f7000 	C:\WINDOWS\system32\mswsock.dll
0x00007ffac9e50000 - 0x00007ffac9e61000 	C:\Android\AndroidStudio\jre\jre\bin\nio.dll

VM Arguments:
java_command: org.jetbrains.kotlin.cli.jvm.K2JVMCompiler -Xallow-no-source-files -classpath C:\Users\Dmitriy\.gradle\caches\transforms-2\files-2.1\fef5cd5954d44ade18a70dca6e717b5b\databinding-adapters-3.5.0\jars\classes.jar;C:\Users\Dmitriy\.gradle\caches\transforms-2\files-2.1\5ae495feaa635f162e793b816a77bf24\databinding-runtime-3.5.0\jars\classes.jar;C:\Users\Dmitriy\.gradle\caches\modules-2\files-2.1\androidx.databinding\databinding-common\3.5.0\ad17a14009fa4322bf1f90fd8ca631992e5d667f\databinding-common-3.5.0.jar;C:\Users\Dmitriy\.gradle\caches\transforms-2\files-2.1\970f97153940e89f3358bfd5a653b8f5\navigation-ui-ktx-2.2.0-alpha03\jars\classes.jar;C:\Users\Dmitriy\.gradle\caches\transforms-2\files-2.1\58e02f474f1780342b5cb945945f5c72\jetified-navigation-ui-2.2.0-alpha03\jars\classes.jar;C:\Users\Dmitriy\.gradle\caches\transforms-2\files-2.1\4b572913f1a424e7576b45966b745c44\material-1.0.0\jars\classes.jar;C:\Users\Dmitriy\.gradle\caches\transforms-2\files-2.1\8a90935574f82694cec42fb7c78743b1\appcompat-1.0.2\jars\classes.jar;C:\Users\Dmitriy\.gradle\caches\transforms-2\files-2.1\d5667dc31fbef5d02758925ab9660b6b\room-ktx-2.1.0\jars\classes.jar;C:\Users\Dmitriy\.gradle\caches\transforms-2\files-2.1\aec49d45ff6f0ecbf095c9d8309b2e41\room-runtime-2.1.0\jars\classes.jar;C:\Users\Dmitriy\.gradle\caches\transforms-2\files-2.1\aec49d45ff6f0ecbf095c9d8309b2e41\room-runtime-2.1.0\jars\libs\room-common-java8-2.1.0.jar;C:\Users\Dmitriy\.gradle\caches\transforms-2\files-2.1\4109fbebe948b66ccc9873a1a672f0e4\navigation-fragment-ktx-2.2.0-alpha03\jars\classes.jar;C:\Users\Dmitriy\.gradle\caches\transforms-2\files-2.1\651131074ee446dc559f27b772e62c92\fragment-ktx-1.2.0-alpha04\jars\classes.jar;C:\Users\Dmitriy\.gradle\caches\transforms-2\files-2.1\206daaceda74501234ecbdb2410d62bf\navigation-runtime-ktx-2.2.0-alpha03\jars\classes.jar;C:\Users\Dmitriy\.gradle\caches\transforms-2\files-2.1\e594d4fdf4b9370098ace5137c7b01a5\activity-ktx-1.1.0-alpha03\jars\classes.jar;C:\Users\Dmitriy\
java_class_path (initial): C:\Users\Dmitriy\.gradle\caches\modules-2\files-2.1\org.jetbrains.kotlin\kotlin-compiler-embeddable\1.3.41\6b1d4385d65894e07a0d14a5949f5417a408f0b7\kotlin-compiler-embeddable-1.3.41.jar;C:\Users\Dmitriy\.gradle\caches\modules-2\files-2.1\org.jetbrains.kotlin\kotlin-reflect\1.3.41\8fb58b8954661de666e321478bf4178c18ce8018\kotlin-reflect-1.3.41.jar;C:\Users\Dmitriy\.gradle\caches\modules-2\files-2.1\org.jetbrains.kotlin\kotlin-stdlib\1.3.41\e24bd38de28a326cce8b1f0d61e809e9a92dad6a\kotlin-stdlib-1.3.41.jar;C:\Users\Dmitriy\.gradle\caches\modules-2\files-2.1\org.jetbrains.kotlin\kotlin-script-runtime\1.3.41\bcc3380041bbba171119c22d7024961b60da69e0\kotlin-script-runtime-1.3.41.jar;C:\Users\Dmitriy\.gradle\caches\modules-2\files-2.1\org.jetbrains.intellij.deps\trove4j\1.0.20181211\216c2e14b070f334479d800987affe4054cd563f\trove4j-1.0.20181211.jar;C:\Users\Dmitriy\.gradle\caches\modules-2\files-2.1\org.jetbrains.kotlin\kotlin-stdlib-common\1.3.41\2ecf4aa059427d7186312fd1736afedf7972e7f7\kotlin-stdlib-common-1.3.41.jar;C:\Users\Dmitriy\.gradle\caches\modules-2\files-2.1\org.jetbrains\annotations\13.0\919f0dfe192fb4e063e7dacadee7f8bb9a2672a9\annotations-13.0.jar;C:\Android\AndroidStudio\jre\lib\tools.jar
Launcher Type: SUN_STANDARD

Environment Variables:
JAVA_HOME=C:\Program Files\Java\jdk1.8.0_191
PATH=C:\WINDOWS\system32;C:\WINDOWS;C:\WINDOWS\System32\Wbem;C:\WINDOWS\System32\WindowsPowerShell\v1.0\;C:\Program Files\Git\cmd;C:\WINDOWS\System32\OpenSSH\;C:\Users\Dmitriy\AppData\Local\Programs\Python\Python37\;C:\Users\Dmitriy\AppData\Local\Programs\Python\Python37\Scripts\;C:\Program Files\Java\jdk1.8.0_191\bin;C:\Android\android-sdk\platform-tools;C:\Users\Dmitriy\AppData\Local\Microsoft\WindowsApps;;C:\Program Files\PyCharm Community Edition 2019.2.2\bin;;C:\Program Files\JetBrains\IntelliJ IDEA Community Edition 2019.2.2\bin;;C:\Program Files\JetBrains\GoLand 2019.2.2\bin;
USERNAME=Dmitriy
OS=Windows_NT
PROCESSOR_IDENTIFIER=Intel64 Family 6 Model 61 Stepping 4, GenuineIntel



---------------  S Y S T E M  ---------------

OS: Windows 10.0 , 64 bit Build 17763 (10.0.17763.475)

CPU:total 4 (initial active 4) (2 cores per cpu, 2 threads per core) family 6 model 61 stepping 4, cmov, cx8, fxsr, mmx, sse, sse2, sse3, ssse3, sse4.1, sse4.2, popcnt, avx, avx2, aes, clmul, erms, 3dnowpref, lzcnt, ht, tsc, tscinvbit, bmi1, bmi2, adx

Memory: 4k page, physical 8297068k(497332k free), swap 8297068k(5520k free)

vm_info: OpenJDK 64-Bit Server VM (25.202-b03) for windows-amd64 JRE (1.8.0_202-release-1483-b03), built by "builder" with MS VC++ 10.0 (VS2010)

time: Thu Oct 17 09:55:30 2019
timezone: RTZ 6 (зима)
elapsed time: 22 seconds (0d 0h 0m 22s)

